[Sun Oct 12 15:26:57.865582 2025] [php:notice] [pid 15008:tid 1944] [client ::1:53238] Raw Request URI: /
[Sun Oct 12 15:26:57.866580 2025] [php:notice] [pid 15008:tid 1944] [client ::1:53238] SCRIPT_NAME: /index.php
[Sun Oct 12 15:26:57.866580 2025] [php:notice] [pid 15008:tid 1944] [client ::1:53238] PHP_SELF: /index.php
[Sun Oct 12 15:26:57.866580 2025] [php:notice] [pid 15008:tid 1944] [client ::1:53238] DOCUMENT_ROOT: C:/xampps/htdocs/dynamic_pricing/public
[Sun Oct 12 15:26:57.866580 2025] [php:notice] [pid 15008:tid 1944] [client ::1:53238] Processed Request URI: /
[Sun Oct 12 15:26:57.866580 2025] [php:notice] [pid 15008:tid 1944] [client ::1:53238] Request Method: GET
[Sun Oct 12 15:26:57.866580 2025] [php:notice] [pid 15008:tid 1944] [client ::1:53238] Base Path: 
[Sun Oct 12 15:26:57.867577 2025] [php:notice] [pid 15008:tid 1944] [client ::1:53238] Router: Original URI: /
[Sun Oct 12 15:26:57.867577 2025] [php:notice] [pid 15008:tid 1944] [client ::1:53238] Router: Normalized path: /
[Sun Oct 12 15:26:57.867577 2025] [php:notice] [pid 15008:tid 1944] [client ::1:53238] Router: Dispatching GET /
[Sun Oct 12 15:26:57.867577 2025] [php:notice] [pid 15008:tid 1944] [client ::1:53238] Router: Available routes for GET: /, /login, /register, /forgot-password, /buyer/shop, /buyer/product/{id}, /buyer/cart, /buyer/checkout, /buyer/orders, /seller/dashboard, /seller/products, /seller/product/create, /seller/product/edit/{id}, /seller/inventory, /seller/pricing, /seller/orders, /seller/analytics
[Sun Oct 12 15:26:57.867577 2025] [php:notice] [pid 15008:tid 1944] [client ::1:53238] Router: Attempting to match '/' against route '/'
[Sun Oct 12 15:26:57.867577 2025] [php:notice] [pid 15008:tid 1944] [client ::1:53238] Router: Trying to match path: / against pattern: /^\\/$/i
[Sun Oct 12 15:26:57.867577 2025] [php:notice] [pid 15008:tid 1944] [client ::1:53238] Router: Route matched with parameters: []
[Sun Oct 12 15:26:57.867577 2025] [php:notice] [pid 15008:tid 1944] [client ::1:53238] Router: Match found! Calling handler HomeController@index
[Sun Oct 12 15:26:57.868574 2025] [php:notice] [pid 15008:tid 1944] [client ::1:53238] Router: Looking for controller file: C:\\xampps\\htdocs\\dynamic_pricing\\core/../controllers/HomeController.php
[Sun Oct 12 15:26:57.870572 2025] [php:notice] [pid 15008:tid 1944] [client ::1:53238] Router: Calling HomeController::index with parameters: []
[Sun Oct 12 15:27:00.454824 2025] [php:notice] [pid 15008:tid 1944] [client ::1:53238] Raw Request URI: /login.php, referer: http://localhost/
[Sun Oct 12 15:27:00.454824 2025] [php:notice] [pid 15008:tid 1944] [client ::1:53238] SCRIPT_NAME: /index.php, referer: http://localhost/
[Sun Oct 12 15:27:00.454824 2025] [php:notice] [pid 15008:tid 1944] [client ::1:53238] PHP_SELF: /index.php, referer: http://localhost/
[Sun Oct 12 15:27:00.454824 2025] [php:notice] [pid 15008:tid 1944] [client ::1:53238] DOCUMENT_ROOT: C:/xampps/htdocs/dynamic_pricing/public, referer: http://localhost/
[Sun Oct 12 15:27:00.454824 2025] [php:notice] [pid 15008:tid 1944] [client ::1:53238] Processed Request URI: /login.php, referer: http://localhost/
[Sun Oct 12 15:27:00.454824 2025] [php:notice] [pid 15008:tid 1944] [client ::1:53238] Request Method: GET, referer: http://localhost/
[Sun Oct 12 15:27:00.455820 2025] [php:notice] [pid 15008:tid 1944] [client ::1:53238] Base Path: , referer: http://localhost/
[Sun Oct 12 15:27:00.455820 2025] [php:notice] [pid 15008:tid 1944] [client ::1:53238] Router: Original URI: /login.php, referer: http://localhost/
[Sun Oct 12 15:27:00.455820 2025] [php:notice] [pid 15008:tid 1944] [client ::1:53238] Router: Normalized path: /login, referer: http://localhost/
[Sun Oct 12 15:27:00.455820 2025] [php:notice] [pid 15008:tid 1944] [client ::1:53238] Router: Dispatching GET /login, referer: http://localhost/
[Sun Oct 12 15:27:00.456819 2025] [php:notice] [pid 15008:tid 1944] [client ::1:53238] Router: Available routes for GET: /, /login, /register, /forgot-password, /buyer/shop, /buyer/product/{id}, /buyer/cart, /buyer/checkout, /buyer/orders, /seller/dashboard, /seller/products, /seller/product/create, /seller/product/edit/{id}, /seller/inventory, /seller/pricing, /seller/orders, /seller/analytics, referer: http://localhost/
[Sun Oct 12 15:27:00.456819 2025] [php:notice] [pid 15008:tid 1944] [client ::1:53238] Router: Attempting to match '/login' against route '/', referer: http://localhost/
[Sun Oct 12 15:27:00.456819 2025] [php:notice] [pid 15008:tid 1944] [client ::1:53238] Router: Trying to match path: /login against pattern: /^\\/$/i, referer: http://localhost/
[Sun Oct 12 15:27:00.456819 2025] [php:notice] [pid 15008:tid 1944] [client ::1:53238] Router: Route pattern did not match, referer: http://localhost/
[Sun Oct 12 15:27:00.456819 2025] [php:notice] [pid 15008:tid 1944] [client ::1:53238] Router: Attempting to match '/login' against route '/login', referer: http://localhost/
[Sun Oct 12 15:27:00.456819 2025] [php:notice] [pid 15008:tid 1944] [client ::1:53238] Router: Trying to match path: /login against pattern: /^\\/login$/i, referer: http://localhost/
[Sun Oct 12 15:27:00.457816 2025] [php:notice] [pid 15008:tid 1944] [client ::1:53238] Router: Route matched with parameters: [], referer: http://localhost/
[Sun Oct 12 15:27:00.457816 2025] [php:notice] [pid 15008:tid 1944] [client ::1:53238] Router: Match found! Calling handler AuthController@showLogin, referer: http://localhost/
[Sun Oct 12 15:27:00.457816 2025] [php:notice] [pid 15008:tid 1944] [client ::1:53238] Router: Looking for controller file: C:\\xampps\\htdocs\\dynamic_pricing\\core/../controllers/AuthController.php, referer: http://localhost/
[Sun Oct 12 15:27:00.458813 2025] [php:notice] [pid 15008:tid 1944] [client ::1:53238] Router: Method 'showLogin' not found in controller 'AuthController', referer: http://localhost/
[Sun Oct 12 15:27:00.458813 2025] [php:notice] [pid 15008:tid 1944] [client ::1:53238] Router: Returning 404 Not Found response, referer: http://localhost/
[Sun Oct 12 15:27:00.458813 2025] [php:notice] [pid 15008:tid 1944] [client ::1:53238] Router: Request was GET /login, referer: http://localhost/
[Sun Oct 12 15:27:47.077222 2025] [php:notice] [pid 15008:tid 1944] [client ::1:64485] Raw Request URI: /register
[Sun Oct 12 15:27:47.082389 2025] [php:notice] [pid 15008:tid 1944] [client ::1:64485] SCRIPT_NAME: /index.php
[Sun Oct 12 15:27:47.083385 2025] [php:notice] [pid 15008:tid 1944] [client ::1:64485] PHP_SELF: /index.php
[Sun Oct 12 15:27:47.083385 2025] [php:notice] [pid 15008:tid 1944] [client ::1:64485] DOCUMENT_ROOT: C:/xampps/htdocs/dynamic_pricing/public
[Sun Oct 12 15:27:47.084385 2025] [php:notice] [pid 15008:tid 1944] [client ::1:64485] Processed Request URI: /register
[Sun Oct 12 15:27:47.085394 2025] [php:notice] [pid 15008:tid 1944] [client ::1:64485] Request Method: GET
[Sun Oct 12 15:27:47.085394 2025] [php:notice] [pid 15008:tid 1944] [client ::1:64485] Base Path: 
[Sun Oct 12 15:27:47.086378 2025] [php:notice] [pid 15008:tid 1944] [client ::1:64485] Router: Original URI: /register
[Sun Oct 12 15:27:47.086378 2025] [php:notice] [pid 15008:tid 1944] [client ::1:64485] Router: Normalized path: /register
[Sun Oct 12 15:27:47.087375 2025] [php:notice] [pid 15008:tid 1944] [client ::1:64485] Router: Dispatching GET /register
[Sun Oct 12 15:27:47.087375 2025] [php:notice] [pid 15008:tid 1944] [client ::1:64485] Router: Available routes for GET: /, /login, /register, /forgot-password, /buyer/shop, /buyer/product/{id}, /buyer/cart, /buyer/checkout, /buyer/orders, /seller/dashboard, /seller/products, /seller/product/create, /seller/product/edit/{id}, /seller/inventory, /seller/pricing, /seller/orders, /seller/analytics
[Sun Oct 12 15:27:47.089191 2025] [php:notice] [pid 15008:tid 1944] [client ::1:64485] Router: Attempting to match '/register' against route '/'
[Sun Oct 12 15:27:47.089191 2025] [php:notice] [pid 15008:tid 1944] [client ::1:64485] Router: Trying to match path: /register against pattern: /^\\/$/i
[Sun Oct 12 15:27:47.089191 2025] [php:notice] [pid 15008:tid 1944] [client ::1:64485] Router: Route pattern did not match
[Sun Oct 12 15:27:47.089191 2025] [php:notice] [pid 15008:tid 1944] [client ::1:64485] Router: Attempting to match '/register' against route '/login'
[Sun Oct 12 15:27:47.089191 2025] [php:notice] [pid 15008:tid 1944] [client ::1:64485] Router: Trying to match path: /register against pattern: /^\\/login$/i
[Sun Oct 12 15:27:47.089191 2025] [php:notice] [pid 15008:tid 1944] [client ::1:64485] Router: Route pattern did not match
[Sun Oct 12 15:27:47.089191 2025] [php:notice] [pid 15008:tid 1944] [client ::1:64485] Router: Attempting to match '/register' against route '/register'
[Sun Oct 12 15:27:47.089191 2025] [php:notice] [pid 15008:tid 1944] [client ::1:64485] Router: Trying to match path: /register against pattern: /^\\/register$/i
[Sun Oct 12 15:27:47.089191 2025] [php:notice] [pid 15008:tid 1944] [client ::1:64485] Router: Route matched with parameters: []
[Sun Oct 12 15:27:47.089191 2025] [php:notice] [pid 15008:tid 1944] [client ::1:64485] Router: Match found! Calling handler AuthController@showRegister
[Sun Oct 12 15:27:47.089191 2025] [php:notice] [pid 15008:tid 1944] [client ::1:64485] Router: Looking for controller file: C:\\xampps\\htdocs\\dynamic_pricing\\core/../controllers/AuthController.php
[Sun Oct 12 15:27:47.101175 2025] [php:notice] [pid 15008:tid 1944] [client ::1:64485] Router: Calling AuthController::showRegister with parameters: []
[Sun Oct 12 15:28:20.102913 2025] [php:notice] [pid 15008:tid 1948] [client ::1:50925] Raw Request URI: /auth/register.php, referer: http://localhost/register
[Sun Oct 12 15:28:20.102913 2025] [php:notice] [pid 15008:tid 1948] [client ::1:50925] SCRIPT_NAME: /index.php, referer: http://localhost/register
[Sun Oct 12 15:28:20.102913 2025] [php:notice] [pid 15008:tid 1948] [client ::1:50925] PHP_SELF: /index.php, referer: http://localhost/register
[Sun Oct 12 15:28:20.102913 2025] [php:notice] [pid 15008:tid 1948] [client ::1:50925] DOCUMENT_ROOT: C:/xampps/htdocs/dynamic_pricing/public, referer: http://localhost/register
[Sun Oct 12 15:28:20.102913 2025] [php:notice] [pid 15008:tid 1948] [client ::1:50925] Processed Request URI: /auth/register.php, referer: http://localhost/register
[Sun Oct 12 15:28:20.103911 2025] [php:notice] [pid 15008:tid 1948] [client ::1:50925] Request Method: POST, referer: http://localhost/register
[Sun Oct 12 15:28:20.103911 2025] [php:notice] [pid 15008:tid 1948] [client ::1:50925] Base Path: , referer: http://localhost/register
[Sun Oct 12 15:28:20.103911 2025] [php:notice] [pid 15008:tid 1948] [client ::1:50925] Router: Original URI: /auth/register.php, referer: http://localhost/register
[Sun Oct 12 15:28:20.103911 2025] [php:notice] [pid 15008:tid 1948] [client ::1:50925] Router: Normalized path: /auth/register, referer: http://localhost/register
[Sun Oct 12 15:28:20.103911 2025] [php:notice] [pid 15008:tid 1948] [client ::1:50925] Router: Dispatching POST /auth/register, referer: http://localhost/register
[Sun Oct 12 15:28:20.103911 2025] [php:notice] [pid 15008:tid 1948] [client ::1:50925] Router: Available routes for POST: /seller/product/store, /seller/product/update/:id, /seller/inventory/update, /seller/pricing/update, referer: http://localhost/register
[Sun Oct 12 15:28:20.104908 2025] [php:notice] [pid 15008:tid 1948] [client ::1:50925] Router: Attempting to match '/auth/register' against route '/seller/product/store', referer: http://localhost/register
[Sun Oct 12 15:28:20.104908 2025] [php:notice] [pid 15008:tid 1948] [client ::1:50925] Router: Trying to match path: /auth/register against pattern: /^\\/seller\\/product\\/store$/i, referer: http://localhost/register
[Sun Oct 12 15:28:20.104908 2025] [php:notice] [pid 15008:tid 1948] [client ::1:50925] Router: Route pattern did not match, referer: http://localhost/register
[Sun Oct 12 15:28:20.104908 2025] [php:notice] [pid 15008:tid 1948] [client ::1:50925] Router: Attempting to match '/auth/register' against route '/seller/product/update/:id', referer: http://localhost/register
[Sun Oct 12 15:28:20.104908 2025] [php:notice] [pid 15008:tid 1948] [client ::1:50925] Router: Trying to match path: /auth/register against pattern: /^\\/seller\\/product\\/update\\/:id$/i, referer: http://localhost/register
[Sun Oct 12 15:28:20.104908 2025] [php:notice] [pid 15008:tid 1948] [client ::1:50925] Router: Route pattern did not match, referer: http://localhost/register
[Sun Oct 12 15:28:20.104908 2025] [php:notice] [pid 15008:tid 1948] [client ::1:50925] Router: Attempting to match '/auth/register' against route '/seller/inventory/update', referer: http://localhost/register
[Sun Oct 12 15:28:20.104908 2025] [php:notice] [pid 15008:tid 1948] [client ::1:50925] Router: Trying to match path: /auth/register against pattern: /^\\/seller\\/inventory\\/update$/i, referer: http://localhost/register
[Sun Oct 12 15:28:20.105905 2025] [php:notice] [pid 15008:tid 1948] [client ::1:50925] Router: Route pattern did not match, referer: http://localhost/register
[Sun Oct 12 15:28:20.105905 2025] [php:notice] [pid 15008:tid 1948] [client ::1:50925] Router: Attempting to match '/auth/register' against route '/seller/pricing/update', referer: http://localhost/register
[Sun Oct 12 15:28:20.105905 2025] [php:notice] [pid 15008:tid 1948] [client ::1:50925] Router: Trying to match path: /auth/register against pattern: /^\\/seller\\/pricing\\/update$/i, referer: http://localhost/register
[Sun Oct 12 15:28:20.105905 2025] [php:notice] [pid 15008:tid 1948] [client ::1:50925] Router: Route pattern did not match, referer: http://localhost/register
[Sun Oct 12 15:28:20.105905 2025] [php:notice] [pid 15008:tid 1948] [client ::1:50925] Router: No matching route found for POST /auth/register, referer: http://localhost/register
[Sun Oct 12 15:28:20.105905 2025] [php:notice] [pid 15008:tid 1948] [client ::1:50925] Router: Returning 404 Not Found response, referer: http://localhost/register
[Sun Oct 12 15:28:20.105905 2025] [php:notice] [pid 15008:tid 1948] [client ::1:50925] Router: Request was POST /auth/register, referer: http://localhost/register
[Sun Oct 12 15:30:32.108703 2025] [php:notice] [pid 15008:tid 1944] [client ::1:58337] Raw Request URI: /auth/login
[Sun Oct 12 15:30:32.108703 2025] [php:notice] [pid 15008:tid 1944] [client ::1:58337] SCRIPT_NAME: /index.php
[Sun Oct 12 15:30:32.108703 2025] [php:notice] [pid 15008:tid 1944] [client ::1:58337] PHP_SELF: /index.php
[Sun Oct 12 15:30:32.108703 2025] [php:notice] [pid 15008:tid 1944] [client ::1:58337] DOCUMENT_ROOT: C:/xampps/htdocs/dynamic_pricing/public
[Sun Oct 12 15:30:32.109700 2025] [php:notice] [pid 15008:tid 1944] [client ::1:58337] Processed Request URI: /auth/login
[Sun Oct 12 15:30:32.109700 2025] [php:notice] [pid 15008:tid 1944] [client ::1:58337] Request Method: GET
[Sun Oct 12 15:30:32.109700 2025] [php:notice] [pid 15008:tid 1944] [client ::1:58337] Base Path: 
[Sun Oct 12 15:30:32.110698 2025] [php:notice] [pid 15008:tid 1944] [client ::1:58337] Router: Original URI: /auth/login
[Sun Oct 12 15:30:32.110698 2025] [php:notice] [pid 15008:tid 1944] [client ::1:58337] Router: Normalized path: /auth/login
[Sun Oct 12 15:30:32.110698 2025] [php:notice] [pid 15008:tid 1944] [client ::1:58337] Router: Dispatching GET /auth/login
[Sun Oct 12 15:30:32.111695 2025] [php:notice] [pid 15008:tid 1944] [client ::1:58337] Router: Available routes for GET: /, /login, /register, /forgot-password, /buyer/shop, /buyer/product/{id}, /buyer/cart, /buyer/checkout, /buyer/orders, /seller/dashboard, /seller/products, /seller/product/create, /seller/product/edit/{id}, /seller/inventory, /seller/pricing, /seller/orders, /seller/analytics
[Sun Oct 12 15:30:32.111695 2025] [php:notice] [pid 15008:tid 1944] [client ::1:58337] Router: Attempting to match '/auth/login' against route '/'
[Sun Oct 12 15:30:32.111695 2025] [php:notice] [pid 15008:tid 1944] [client ::1:58337] Router: Trying to match path: /auth/login against pattern: /^\\/$/i
[Sun Oct 12 15:30:32.111695 2025] [php:notice] [pid 15008:tid 1944] [client ::1:58337] Router: Route pattern did not match
[Sun Oct 12 15:30:32.111695 2025] [php:notice] [pid 15008:tid 1944] [client ::1:58337] Router: Attempting to match '/auth/login' against route '/login'
[Sun Oct 12 15:30:32.112692 2025] [php:notice] [pid 15008:tid 1944] [client ::1:58337] Router: Trying to match path: /auth/login against pattern: /^\\/login$/i
[Sun Oct 12 15:30:32.112692 2025] [php:notice] [pid 15008:tid 1944] [client ::1:58337] Router: Route pattern did not match
[Sun Oct 12 15:30:32.112692 2025] [php:notice] [pid 15008:tid 1944] [client ::1:58337] Router: Attempting to match '/auth/login' against route '/register'
[Sun Oct 12 15:30:32.113690 2025] [php:notice] [pid 15008:tid 1944] [client ::1:58337] Router: Trying to match path: /auth/login against pattern: /^\\/register$/i
[Sun Oct 12 15:30:32.113690 2025] [php:notice] [pid 15008:tid 1944] [client ::1:58337] Router: Route pattern did not match
[Sun Oct 12 15:30:32.113690 2025] [php:notice] [pid 15008:tid 1944] [client ::1:58337] Router: Attempting to match '/auth/login' against route '/forgot-password'
[Sun Oct 12 15:30:32.113690 2025] [php:notice] [pid 15008:tid 1944] [client ::1:58337] Router: Trying to match path: /auth/login against pattern: /^\\/forgot-password$/i
[Sun Oct 12 15:30:32.114688 2025] [php:notice] [pid 15008:tid 1944] [client ::1:58337] Router: Route pattern did not match
[Sun Oct 12 15:30:32.114688 2025] [php:notice] [pid 15008:tid 1944] [client ::1:58337] Router: Attempting to match '/auth/login' against route '/buyer/shop'
[Sun Oct 12 15:30:32.115685 2025] [php:notice] [pid 15008:tid 1944] [client ::1:58337] Router: Trying to match path: /auth/login against pattern: /^\\/buyer\\/shop$/i
[Sun Oct 12 15:30:32.115685 2025] [php:notice] [pid 15008:tid 1944] [client ::1:58337] Router: Route pattern did not match
[Sun Oct 12 15:30:32.115685 2025] [php:notice] [pid 15008:tid 1944] [client ::1:58337] Router: Attempting to match '/auth/login' against route '/buyer/product/{id}'
[Sun Oct 12 15:30:32.116682 2025] [php:notice] [pid 15008:tid 1944] [client ::1:58337] Router: Trying to match path: /auth/login against pattern: /^\\/buyer\\/product\\/(?P<id>[^\\/]+)$/i
[Sun Oct 12 15:30:32.117678 2025] [php:notice] [pid 15008:tid 1944] [client ::1:58337] Router: Route pattern did not match
[Sun Oct 12 15:30:32.117678 2025] [php:notice] [pid 15008:tid 1944] [client ::1:58337] Router: Attempting to match '/auth/login' against route '/buyer/cart'
[Sun Oct 12 15:30:32.117678 2025] [php:notice] [pid 15008:tid 1944] [client ::1:58337] Router: Trying to match path: /auth/login against pattern: /^\\/buyer\\/cart$/i
[Sun Oct 12 15:30:32.117678 2025] [php:notice] [pid 15008:tid 1944] [client ::1:58337] Router: Route pattern did not match
[Sun Oct 12 15:30:32.118678 2025] [php:notice] [pid 15008:tid 1944] [client ::1:58337] Router: Attempting to match '/auth/login' against route '/buyer/checkout'
[Sun Oct 12 15:30:32.118678 2025] [php:notice] [pid 15008:tid 1944] [client ::1:58337] Router: Trying to match path: /auth/login against pattern: /^\\/buyer\\/checkout$/i
[Sun Oct 12 15:30:32.119673 2025] [php:notice] [pid 15008:tid 1944] [client ::1:58337] Router: Route pattern did not match
[Sun Oct 12 15:30:32.119673 2025] [php:notice] [pid 15008:tid 1944] [client ::1:58337] Router: Attempting to match '/auth/login' against route '/buyer/orders'
[Sun Oct 12 15:30:32.119673 2025] [php:notice] [pid 15008:tid 1944] [client ::1:58337] Router: Trying to match path: /auth/login against pattern: /^\\/buyer\\/orders$/i
[Sun Oct 12 15:30:32.119673 2025] [php:notice] [pid 15008:tid 1944] [client ::1:58337] Router: Route pattern did not match
[Sun Oct 12 15:30:32.120673 2025] [php:notice] [pid 15008:tid 1944] [client ::1:58337] Router: Attempting to match '/auth/login' against route '/seller/dashboard'
[Sun Oct 12 15:30:32.120673 2025] [php:notice] [pid 15008:tid 1944] [client ::1:58337] Router: Trying to match path: /auth/login against pattern: /^\\/seller\\/dashboard$/i
[Sun Oct 12 15:30:32.120673 2025] [php:notice] [pid 15008:tid 1944] [client ::1:58337] Router: Route pattern did not match
[Sun Oct 12 15:30:32.120673 2025] [php:notice] [pid 15008:tid 1944] [client ::1:58337] Router: Attempting to match '/auth/login' against route '/seller/products'
[Sun Oct 12 15:30:32.121669 2025] [php:notice] [pid 15008:tid 1944] [client ::1:58337] Router: Trying to match path: /auth/login against pattern: /^\\/seller\\/products$/i
[Sun Oct 12 15:30:32.122667 2025] [php:notice] [pid 15008:tid 1944] [client ::1:58337] Router: Route pattern did not match
[Sun Oct 12 15:30:32.122667 2025] [php:notice] [pid 15008:tid 1944] [client ::1:58337] Router: Attempting to match '/auth/login' against route '/seller/product/create'
[Sun Oct 12 15:30:32.123663 2025] [php:notice] [pid 15008:tid 1944] [client ::1:58337] Router: Trying to match path: /auth/login against pattern: /^\\/seller\\/product\\/create$/i
[Sun Oct 12 15:30:32.124953 2025] [php:notice] [pid 15008:tid 1944] [client ::1:58337] Router: Route pattern did not match
[Sun Oct 12 15:30:32.125068 2025] [php:notice] [pid 15008:tid 1944] [client ::1:58337] Router: Attempting to match '/auth/login' against route '/seller/product/edit/{id}'
[Sun Oct 12 15:30:32.125068 2025] [php:notice] [pid 15008:tid 1944] [client ::1:58337] Router: Trying to match path: /auth/login against pattern: /^\\/seller\\/product\\/edit\\/(?P<id>[^\\/]+)$/i
[Sun Oct 12 15:30:32.126089 2025] [php:notice] [pid 15008:tid 1944] [client ::1:58337] Router: Route pattern did not match
[Sun Oct 12 15:30:32.127881 2025] [php:notice] [pid 15008:tid 1944] [client ::1:58337] Router: Attempting to match '/auth/login' against route '/seller/inventory'
[Sun Oct 12 15:30:32.127881 2025] [php:notice] [pid 15008:tid 1944] [client ::1:58337] Router: Trying to match path: /auth/login against pattern: /^\\/seller\\/inventory$/i
[Sun Oct 12 15:30:32.127881 2025] [php:notice] [pid 15008:tid 1944] [client ::1:58337] Router: Route pattern did not match
[Sun Oct 12 15:30:32.127881 2025] [php:notice] [pid 15008:tid 1944] [client ::1:58337] Router: Attempting to match '/auth/login' against route '/seller/pricing'
[Sun Oct 12 15:30:32.127881 2025] [php:notice] [pid 15008:tid 1944] [client ::1:58337] Router: Trying to match path: /auth/login against pattern: /^\\/seller\\/pricing$/i
[Sun Oct 12 15:30:32.127881 2025] [php:notice] [pid 15008:tid 1944] [client ::1:58337] Router: Route pattern did not match
[Sun Oct 12 15:30:32.127881 2025] [php:notice] [pid 15008:tid 1944] [client ::1:58337] Router: Attempting to match '/auth/login' against route '/seller/orders'
[Sun Oct 12 15:30:32.127881 2025] [php:notice] [pid 15008:tid 1944] [client ::1:58337] Router: Trying to match path: /auth/login against pattern: /^\\/seller\\/orders$/i
[Sun Oct 12 15:30:32.127881 2025] [php:notice] [pid 15008:tid 1944] [client ::1:58337] Router: Route pattern did not match
[Sun Oct 12 15:30:32.127881 2025] [php:notice] [pid 15008:tid 1944] [client ::1:58337] Router: Attempting to match '/auth/login' against route '/seller/analytics'
[Sun Oct 12 15:30:32.127881 2025] [php:notice] [pid 15008:tid 1944] [client ::1:58337] Router: Trying to match path: /auth/login against pattern: /^\\/seller\\/analytics$/i
[Sun Oct 12 15:30:32.127881 2025] [php:notice] [pid 15008:tid 1944] [client ::1:58337] Router: Route pattern did not match
[Sun Oct 12 15:30:32.127881 2025] [php:notice] [pid 15008:tid 1944] [client ::1:58337] Router: No matching route found for GET /auth/login
[Sun Oct 12 15:30:32.127881 2025] [php:notice] [pid 15008:tid 1944] [client ::1:58337] Router: Returning 404 Not Found response
[Sun Oct 12 15:30:32.127881 2025] [php:notice] [pid 15008:tid 1944] [client ::1:58337] Router: Request was GET /auth/login
[Sun Oct 12 15:30:38.527381 2025] [php:notice] [pid 15008:tid 1948] [client ::1:50536] Raw Request URI: /login.php
[Sun Oct 12 15:30:38.527381 2025] [php:notice] [pid 15008:tid 1948] [client ::1:50536] SCRIPT_NAME: /index.php
[Sun Oct 12 15:30:38.527381 2025] [php:notice] [pid 15008:tid 1948] [client ::1:50536] PHP_SELF: /index.php
[Sun Oct 12 15:30:38.527381 2025] [php:notice] [pid 15008:tid 1948] [client ::1:50536] DOCUMENT_ROOT: C:/xampps/htdocs/dynamic_pricing/public
[Sun Oct 12 15:30:38.528375 2025] [php:notice] [pid 15008:tid 1948] [client ::1:50536] Processed Request URI: /login.php
[Sun Oct 12 15:30:38.528375 2025] [php:notice] [pid 15008:tid 1948] [client ::1:50536] Request Method: GET
[Sun Oct 12 15:30:38.528375 2025] [php:notice] [pid 15008:tid 1948] [client ::1:50536] Base Path: 
[Sun Oct 12 15:30:38.529372 2025] [php:notice] [pid 15008:tid 1948] [client ::1:50536] Router: Original URI: /login.php
[Sun Oct 12 15:30:38.529372 2025] [php:notice] [pid 15008:tid 1948] [client ::1:50536] Router: Normalized path: /login
[Sun Oct 12 15:30:38.529372 2025] [php:notice] [pid 15008:tid 1948] [client ::1:50536] Router: Dispatching GET /login
[Sun Oct 12 15:30:38.529372 2025] [php:notice] [pid 15008:tid 1948] [client ::1:50536] Router: Available routes for GET: /, /login, /register, /forgot-password, /buyer/shop, /buyer/product/{id}, /buyer/cart, /buyer/checkout, /buyer/orders, /seller/dashboard, /seller/products, /seller/product/create, /seller/product/edit/{id}, /seller/inventory, /seller/pricing, /seller/orders, /seller/analytics
[Sun Oct 12 15:30:38.530369 2025] [php:notice] [pid 15008:tid 1948] [client ::1:50536] Router: Attempting to match '/login' against route '/'
[Sun Oct 12 15:30:38.530369 2025] [php:notice] [pid 15008:tid 1948] [client ::1:50536] Router: Trying to match path: /login against pattern: /^\\/$/i
[Sun Oct 12 15:30:38.530369 2025] [php:notice] [pid 15008:tid 1948] [client ::1:50536] Router: Route pattern did not match
[Sun Oct 12 15:30:38.530369 2025] [php:notice] [pid 15008:tid 1948] [client ::1:50536] Router: Attempting to match '/login' against route '/login'
[Sun Oct 12 15:30:38.530369 2025] [php:notice] [pid 15008:tid 1948] [client ::1:50536] Router: Trying to match path: /login against pattern: /^\\/login$/i
[Sun Oct 12 15:30:38.530369 2025] [php:notice] [pid 15008:tid 1948] [client ::1:50536] Router: Route matched with parameters: []
[Sun Oct 12 15:30:38.531366 2025] [php:notice] [pid 15008:tid 1948] [client ::1:50536] Router: Match found! Calling handler AuthController@showLogin
[Sun Oct 12 15:30:38.531366 2025] [php:notice] [pid 15008:tid 1948] [client ::1:50536] Router: Looking for controller file: C:\\xampps\\htdocs\\dynamic_pricing\\core/../controllers/AuthController.php
[Sun Oct 12 15:30:38.658145 2025] [php:notice] [pid 15008:tid 1948] [client ::1:50536] Router: Calling AuthController::showLogin with parameters: []
[Sun Oct 12 15:30:47.464851 2025] [php:notice] [pid 15008:tid 1948] [client ::1:49803] Raw Request URI: /auth/login.php, referer: http://localhost/login.php
[Sun Oct 12 15:30:47.464851 2025] [php:notice] [pid 15008:tid 1948] [client ::1:49803] SCRIPT_NAME: /index.php, referer: http://localhost/login.php
[Sun Oct 12 15:30:47.465848 2025] [php:notice] [pid 15008:tid 1948] [client ::1:49803] PHP_SELF: /index.php, referer: http://localhost/login.php
[Sun Oct 12 15:30:47.465848 2025] [php:notice] [pid 15008:tid 1948] [client ::1:49803] DOCUMENT_ROOT: C:/xampps/htdocs/dynamic_pricing/public, referer: http://localhost/login.php
[Sun Oct 12 15:30:47.465848 2025] [php:notice] [pid 15008:tid 1948] [client ::1:49803] Processed Request URI: /auth/login.php, referer: http://localhost/login.php
[Sun Oct 12 15:30:47.465848 2025] [php:notice] [pid 15008:tid 1948] [client ::1:49803] Request Method: POST, referer: http://localhost/login.php
[Sun Oct 12 15:30:47.466845 2025] [php:notice] [pid 15008:tid 1948] [client ::1:49803] Base Path: , referer: http://localhost/login.php
[Sun Oct 12 15:30:47.466845 2025] [php:notice] [pid 15008:tid 1948] [client ::1:49803] Router: Original URI: /auth/login.php, referer: http://localhost/login.php
[Sun Oct 12 15:30:47.467843 2025] [php:notice] [pid 15008:tid 1948] [client ::1:49803] Router: Normalized path: /auth/login, referer: http://localhost/login.php
[Sun Oct 12 15:30:47.467843 2025] [php:notice] [pid 15008:tid 1948] [client ::1:49803] Router: Dispatching POST /auth/login, referer: http://localhost/login.php
[Sun Oct 12 15:30:47.467843 2025] [php:notice] [pid 15008:tid 1948] [client ::1:49803] Router: Available routes for POST: /seller/product/store, /seller/product/update/:id, /seller/inventory/update, /seller/pricing/update, referer: http://localhost/login.php
[Sun Oct 12 15:30:47.467843 2025] [php:notice] [pid 15008:tid 1948] [client ::1:49803] Router: Attempting to match '/auth/login' against route '/seller/product/store', referer: http://localhost/login.php
[Sun Oct 12 15:30:47.467843 2025] [php:notice] [pid 15008:tid 1948] [client ::1:49803] Router: Trying to match path: /auth/login against pattern: /^\\/seller\\/product\\/store$/i, referer: http://localhost/login.php
[Sun Oct 12 15:30:47.468840 2025] [php:notice] [pid 15008:tid 1948] [client ::1:49803] Router: Route pattern did not match, referer: http://localhost/login.php
[Sun Oct 12 15:30:47.468840 2025] [php:notice] [pid 15008:tid 1948] [client ::1:49803] Router: Attempting to match '/auth/login' against route '/seller/product/update/:id', referer: http://localhost/login.php
[Sun Oct 12 15:30:47.468840 2025] [php:notice] [pid 15008:tid 1948] [client ::1:49803] Router: Trying to match path: /auth/login against pattern: /^\\/seller\\/product\\/update\\/:id$/i, referer: http://localhost/login.php
[Sun Oct 12 15:30:47.468840 2025] [php:notice] [pid 15008:tid 1948] [client ::1:49803] Router: Route pattern did not match, referer: http://localhost/login.php
[Sun Oct 12 15:30:47.468840 2025] [php:notice] [pid 15008:tid 1948] [client ::1:49803] Router: Attempting to match '/auth/login' against route '/seller/inventory/update', referer: http://localhost/login.php
[Sun Oct 12 15:30:47.469838 2025] [php:notice] [pid 15008:tid 1948] [client ::1:49803] Router: Trying to match path: /auth/login against pattern: /^\\/seller\\/inventory\\/update$/i, referer: http://localhost/login.php
[Sun Oct 12 15:30:47.469838 2025] [php:notice] [pid 15008:tid 1948] [client ::1:49803] Router: Route pattern did not match, referer: http://localhost/login.php
[Sun Oct 12 15:30:47.469838 2025] [php:notice] [pid 15008:tid 1948] [client ::1:49803] Router: Attempting to match '/auth/login' against route '/seller/pricing/update', referer: http://localhost/login.php
[Sun Oct 12 15:30:47.469838 2025] [php:notice] [pid 15008:tid 1948] [client ::1:49803] Router: Trying to match path: /auth/login against pattern: /^\\/seller\\/pricing\\/update$/i, referer: http://localhost/login.php
[Sun Oct 12 15:30:47.469838 2025] [php:notice] [pid 15008:tid 1948] [client ::1:49803] Router: Route pattern did not match, referer: http://localhost/login.php
[Sun Oct 12 15:30:47.470835 2025] [php:notice] [pid 15008:tid 1948] [client ::1:49803] Router: No matching route found for POST /auth/login, referer: http://localhost/login.php
[Sun Oct 12 15:30:47.471833 2025] [php:notice] [pid 15008:tid 1948] [client ::1:49803] Router: Returning 404 Not Found response, referer: http://localhost/login.php
[Sun Oct 12 15:30:47.472831 2025] [php:notice] [pid 15008:tid 1948] [client ::1:49803] Router: Request was POST /auth/login, referer: http://localhost/login.php
[Sun Oct 12 15:30:55.913810 2025] [php:notice] [pid 15008:tid 1948] [client ::1:57267] Raw Request URI: /
[Sun Oct 12 15:30:55.913810 2025] [php:notice] [pid 15008:tid 1948] [client ::1:57267] SCRIPT_NAME: /index.php
[Sun Oct 12 15:30:55.914806 2025] [php:notice] [pid 15008:tid 1948] [client ::1:57267] PHP_SELF: /index.php
[Sun Oct 12 15:30:55.914806 2025] [php:notice] [pid 15008:tid 1948] [client ::1:57267] DOCUMENT_ROOT: C:/xampps/htdocs/dynamic_pricing/public
[Sun Oct 12 15:30:55.915804 2025] [php:notice] [pid 15008:tid 1948] [client ::1:57267] Processed Request URI: /
[Sun Oct 12 15:30:55.916802 2025] [php:notice] [pid 15008:tid 1948] [client ::1:57267] Request Method: GET
[Sun Oct 12 15:30:55.916802 2025] [php:notice] [pid 15008:tid 1948] [client ::1:57267] Base Path: 
[Sun Oct 12 15:30:55.917797 2025] [php:notice] [pid 15008:tid 1948] [client ::1:57267] Router: Original URI: /
[Sun Oct 12 15:30:55.918794 2025] [php:notice] [pid 15008:tid 1948] [client ::1:57267] Router: Normalized path: /
[Sun Oct 12 15:30:55.918794 2025] [php:notice] [pid 15008:tid 1948] [client ::1:57267] Router: Dispatching GET /
[Sun Oct 12 15:30:55.918794 2025] [php:notice] [pid 15008:tid 1948] [client ::1:57267] Router: Available routes for GET: /, /login, /register, /forgot-password, /buyer/shop, /buyer/product/{id}, /buyer/cart, /buyer/checkout, /buyer/orders, /seller/dashboard, /seller/products, /seller/product/create, /seller/product/edit/{id}, /seller/inventory, /seller/pricing, /seller/orders, /seller/analytics
[Sun Oct 12 15:30:55.918794 2025] [php:notice] [pid 15008:tid 1948] [client ::1:57267] Router: Attempting to match '/' against route '/'
[Sun Oct 12 15:30:55.919792 2025] [php:notice] [pid 15008:tid 1948] [client ::1:57267] Router: Trying to match path: / against pattern: /^\\/$/i
[Sun Oct 12 15:30:55.919792 2025] [php:notice] [pid 15008:tid 1948] [client ::1:57267] Router: Route matched with parameters: []
[Sun Oct 12 15:30:55.920788 2025] [php:notice] [pid 15008:tid 1948] [client ::1:57267] Router: Match found! Calling handler HomeController@index
[Sun Oct 12 15:30:55.920788 2025] [php:notice] [pid 15008:tid 1948] [client ::1:57267] Router: Looking for controller file: C:\\xampps\\htdocs\\dynamic_pricing\\core/../controllers/HomeController.php
[Sun Oct 12 15:30:55.924726 2025] [php:notice] [pid 15008:tid 1948] [client ::1:57267] Router: Calling HomeController::index with parameters: []
[Sun Oct 12 15:31:04.754493 2025] [php:notice] [pid 15008:tid 1948] [client ::1:62994] Raw Request URI: /
[Sun Oct 12 15:31:04.754493 2025] [php:notice] [pid 15008:tid 1948] [client ::1:62994] SCRIPT_NAME: /index.php
[Sun Oct 12 15:31:04.755491 2025] [php:notice] [pid 15008:tid 1948] [client ::1:62994] PHP_SELF: /index.php
[Sun Oct 12 15:31:04.755491 2025] [php:notice] [pid 15008:tid 1948] [client ::1:62994] DOCUMENT_ROOT: C:/xampps/htdocs/dynamic_pricing/public
[Sun Oct 12 15:31:04.755491 2025] [php:notice] [pid 15008:tid 1948] [client ::1:62994] Processed Request URI: /
[Sun Oct 12 15:31:04.755491 2025] [php:notice] [pid 15008:tid 1948] [client ::1:62994] Request Method: GET
[Sun Oct 12 15:31:04.755491 2025] [php:notice] [pid 15008:tid 1948] [client ::1:62994] Base Path: 
[Sun Oct 12 15:31:04.756488 2025] [php:notice] [pid 15008:tid 1948] [client ::1:62994] Router: Original URI: /
[Sun Oct 12 15:31:04.756488 2025] [php:notice] [pid 15008:tid 1948] [client ::1:62994] Router: Normalized path: /
[Sun Oct 12 15:31:04.756488 2025] [php:notice] [pid 15008:tid 1948] [client ::1:62994] Router: Dispatching GET /
[Sun Oct 12 15:31:04.756488 2025] [php:notice] [pid 15008:tid 1948] [client ::1:62994] Router: Available routes for GET: /, /login, /register, /forgot-password, /buyer/shop, /buyer/product/{id}, /buyer/cart, /buyer/checkout, /buyer/orders, /seller/dashboard, /seller/products, /seller/product/create, /seller/product/edit/{id}, /seller/inventory, /seller/pricing, /seller/orders, /seller/analytics
[Sun Oct 12 15:31:04.757485 2025] [php:notice] [pid 15008:tid 1948] [client ::1:62994] Router: Attempting to match '/' against route '/'
[Sun Oct 12 15:31:04.757485 2025] [php:notice] [pid 15008:tid 1948] [client ::1:62994] Router: Trying to match path: / against pattern: /^\\/$/i
[Sun Oct 12 15:31:04.757485 2025] [php:notice] [pid 15008:tid 1948] [client ::1:62994] Router: Route matched with parameters: []
[Sun Oct 12 15:31:04.757485 2025] [php:notice] [pid 15008:tid 1948] [client ::1:62994] Router: Match found! Calling handler HomeController@index
[Sun Oct 12 15:31:04.757485 2025] [php:notice] [pid 15008:tid 1948] [client ::1:62994] Router: Looking for controller file: C:\\xampps\\htdocs\\dynamic_pricing\\core/../controllers/HomeController.php
[Sun Oct 12 15:31:04.761052 2025] [php:notice] [pid 15008:tid 1948] [client ::1:62994] Router: Calling HomeController::index with parameters: []
[Sun Oct 12 15:31:06.927155 2025] [php:notice] [pid 15008:tid 1948] [client ::1:62994] Raw Request URI: /login.php, referer: http://localhost/
[Sun Oct 12 15:31:06.927155 2025] [php:notice] [pid 15008:tid 1948] [client ::1:62994] SCRIPT_NAME: /index.php, referer: http://localhost/
[Sun Oct 12 15:31:06.927155 2025] [php:notice] [pid 15008:tid 1948] [client ::1:62994] PHP_SELF: /index.php, referer: http://localhost/
[Sun Oct 12 15:31:06.927155 2025] [php:notice] [pid 15008:tid 1948] [client ::1:62994] DOCUMENT_ROOT: C:/xampps/htdocs/dynamic_pricing/public, referer: http://localhost/
[Sun Oct 12 15:31:06.928151 2025] [php:notice] [pid 15008:tid 1948] [client ::1:62994] Processed Request URI: /login.php, referer: http://localhost/
[Sun Oct 12 15:31:06.928151 2025] [php:notice] [pid 15008:tid 1948] [client ::1:62994] Request Method: GET, referer: http://localhost/
[Sun Oct 12 15:31:06.928151 2025] [php:notice] [pid 15008:tid 1948] [client ::1:62994] Base Path: , referer: http://localhost/
[Sun Oct 12 15:31:06.929150 2025] [php:notice] [pid 15008:tid 1948] [client ::1:62994] Router: Original URI: /login.php, referer: http://localhost/
[Sun Oct 12 15:31:06.930147 2025] [php:notice] [pid 15008:tid 1948] [client ::1:62994] Router: Normalized path: /login, referer: http://localhost/
[Sun Oct 12 15:31:06.930147 2025] [php:notice] [pid 15008:tid 1948] [client ::1:62994] Router: Dispatching GET /login, referer: http://localhost/
[Sun Oct 12 15:31:06.932681 2025] [php:notice] [pid 15008:tid 1948] [client ::1:62994] Router: Available routes for GET: /, /login, /register, /forgot-password, /buyer/shop, /buyer/product/{id}, /buyer/cart, /buyer/checkout, /buyer/orders, /seller/dashboard, /seller/products, /seller/product/create, /seller/product/edit/{id}, /seller/inventory, /seller/pricing, /seller/orders, /seller/analytics, referer: http://localhost/
[Sun Oct 12 15:31:06.932681 2025] [php:notice] [pid 15008:tid 1948] [client ::1:62994] Router: Attempting to match '/login' against route '/', referer: http://localhost/
[Sun Oct 12 15:31:06.932681 2025] [php:notice] [pid 15008:tid 1948] [client ::1:62994] Router: Trying to match path: /login against pattern: /^\\/$/i, referer: http://localhost/
[Sun Oct 12 15:31:06.932681 2025] [php:notice] [pid 15008:tid 1948] [client ::1:62994] Router: Route pattern did not match, referer: http://localhost/
[Sun Oct 12 15:31:06.933722 2025] [php:notice] [pid 15008:tid 1948] [client ::1:62994] Router: Attempting to match '/login' against route '/login', referer: http://localhost/
[Sun Oct 12 15:31:06.933722 2025] [php:notice] [pid 15008:tid 1948] [client ::1:62994] Router: Trying to match path: /login against pattern: /^\\/login$/i, referer: http://localhost/
[Sun Oct 12 15:31:06.934718 2025] [php:notice] [pid 15008:tid 1948] [client ::1:62994] Router: Route matched with parameters: [], referer: http://localhost/
[Sun Oct 12 15:31:06.934718 2025] [php:notice] [pid 15008:tid 1948] [client ::1:62994] Router: Match found! Calling handler AuthController@showLogin, referer: http://localhost/
[Sun Oct 12 15:31:06.935715 2025] [php:notice] [pid 15008:tid 1948] [client ::1:62994] Router: Looking for controller file: C:\\xampps\\htdocs\\dynamic_pricing\\core/../controllers/AuthController.php, referer: http://localhost/
[Sun Oct 12 15:31:07.036366 2025] [php:notice] [pid 15008:tid 1948] [client ::1:62994] Router: Calling AuthController::showLogin with parameters: [], referer: http://localhost/
[Sun Oct 12 15:31:28.643337 2025] [php:notice] [pid 15008:tid 1948] [client ::1:63703] Raw Request URI: /login.php, referer: http://localhost/
[Sun Oct 12 15:31:28.643337 2025] [php:notice] [pid 15008:tid 1948] [client ::1:63703] SCRIPT_NAME: /index.php, referer: http://localhost/
[Sun Oct 12 15:31:28.643337 2025] [php:notice] [pid 15008:tid 1948] [client ::1:63703] PHP_SELF: /index.php, referer: http://localhost/
[Sun Oct 12 15:31:28.643337 2025] [php:notice] [pid 15008:tid 1948] [client ::1:63703] DOCUMENT_ROOT: C:/xampps/htdocs/dynamic_pricing/public, referer: http://localhost/
[Sun Oct 12 15:31:28.643337 2025] [php:notice] [pid 15008:tid 1948] [client ::1:63703] Processed Request URI: /login.php, referer: http://localhost/
[Sun Oct 12 15:31:28.643337 2025] [php:notice] [pid 15008:tid 1948] [client ::1:63703] Request Method: GET, referer: http://localhost/
[Sun Oct 12 15:31:28.643337 2025] [php:notice] [pid 15008:tid 1948] [client ::1:63703] Base Path: , referer: http://localhost/
[Sun Oct 12 15:31:28.643337 2025] [php:notice] [pid 15008:tid 1948] [client ::1:63703] Router: Original URI: /login.php, referer: http://localhost/
[Sun Oct 12 15:31:28.643337 2025] [php:notice] [pid 15008:tid 1948] [client ::1:63703] Router: Normalized path: /login, referer: http://localhost/
[Sun Oct 12 15:31:28.643337 2025] [php:notice] [pid 15008:tid 1948] [client ::1:63703] Router: Dispatching GET /login, referer: http://localhost/
[Sun Oct 12 15:31:28.643337 2025] [php:notice] [pid 15008:tid 1948] [client ::1:63703] Router: Available routes for GET: /, /login, /register, /forgot-password, /buyer/shop, /buyer/product/{id}, /buyer/cart, /buyer/checkout, /buyer/orders, /seller/dashboard, /seller/products, /seller/product/create, /seller/product/edit/{id}, /seller/inventory, /seller/pricing, /seller/orders, /seller/analytics, referer: http://localhost/
[Sun Oct 12 15:31:28.643337 2025] [php:notice] [pid 15008:tid 1948] [client ::1:63703] Router: Attempting to match '/login' against route '/', referer: http://localhost/
[Sun Oct 12 15:31:28.643337 2025] [php:notice] [pid 15008:tid 1948] [client ::1:63703] Router: Trying to match path: /login against pattern: /^\\/$/i, referer: http://localhost/
[Sun Oct 12 15:31:28.643337 2025] [php:notice] [pid 15008:tid 1948] [client ::1:63703] Router: Route pattern did not match, referer: http://localhost/
[Sun Oct 12 15:31:28.643337 2025] [php:notice] [pid 15008:tid 1948] [client ::1:63703] Router: Attempting to match '/login' against route '/login', referer: http://localhost/
[Sun Oct 12 15:31:28.643337 2025] [php:notice] [pid 15008:tid 1948] [client ::1:63703] Router: Trying to match path: /login against pattern: /^\\/login$/i, referer: http://localhost/
[Sun Oct 12 15:31:28.643337 2025] [php:notice] [pid 15008:tid 1948] [client ::1:63703] Router: Route matched with parameters: [], referer: http://localhost/
[Sun Oct 12 15:31:28.643337 2025] [php:notice] [pid 15008:tid 1948] [client ::1:63703] Router: Match found! Calling handler AuthController@showLogin, referer: http://localhost/
[Sun Oct 12 15:31:28.643337 2025] [php:notice] [pid 15008:tid 1948] [client ::1:63703] Router: Looking for controller file: C:\\xampps\\htdocs\\dynamic_pricing\\core/../controllers/AuthController.php, referer: http://localhost/
[Sun Oct 12 15:31:28.659815 2025] [php:notice] [pid 15008:tid 1948] [client ::1:63703] Router: Calling AuthController::showLogin with parameters: [], referer: http://localhost/
[Sun Oct 12 15:31:33.807893 2025] [php:notice] [pid 15008:tid 1948] [client ::1:58951] Raw Request URI: /auth/login, referer: http://localhost/login.php
[Sun Oct 12 15:31:33.807893 2025] [php:notice] [pid 15008:tid 1948] [client ::1:58951] SCRIPT_NAME: /index.php, referer: http://localhost/login.php
[Sun Oct 12 15:31:33.807893 2025] [php:notice] [pid 15008:tid 1948] [client ::1:58951] PHP_SELF: /index.php, referer: http://localhost/login.php
[Sun Oct 12 15:31:33.807893 2025] [php:notice] [pid 15008:tid 1948] [client ::1:58951] DOCUMENT_ROOT: C:/xampps/htdocs/dynamic_pricing/public, referer: http://localhost/login.php
[Sun Oct 12 15:31:33.807893 2025] [php:notice] [pid 15008:tid 1948] [client ::1:58951] Processed Request URI: /auth/login, referer: http://localhost/login.php
[Sun Oct 12 15:31:33.808890 2025] [php:notice] [pid 15008:tid 1948] [client ::1:58951] Request Method: POST, referer: http://localhost/login.php
[Sun Oct 12 15:31:33.808890 2025] [php:notice] [pid 15008:tid 1948] [client ::1:58951] Base Path: , referer: http://localhost/login.php
[Sun Oct 12 15:31:33.808890 2025] [php:notice] [pid 15008:tid 1948] [client ::1:58951] Router: Original URI: /auth/login, referer: http://localhost/login.php
[Sun Oct 12 15:31:33.808890 2025] [php:notice] [pid 15008:tid 1948] [client ::1:58951] Router: Normalized path: /auth/login, referer: http://localhost/login.php
[Sun Oct 12 15:31:33.808890 2025] [php:notice] [pid 15008:tid 1948] [client ::1:58951] Router: Dispatching POST /auth/login, referer: http://localhost/login.php
[Sun Oct 12 15:31:33.808890 2025] [php:notice] [pid 15008:tid 1948] [client ::1:58951] Router: Available routes for POST: /seller/product/store, /seller/product/update/:id, /seller/inventory/update, /seller/pricing/update, referer: http://localhost/login.php
[Sun Oct 12 15:31:33.808890 2025] [php:notice] [pid 15008:tid 1948] [client ::1:58951] Router: Attempting to match '/auth/login' against route '/seller/product/store', referer: http://localhost/login.php
[Sun Oct 12 15:31:33.808890 2025] [php:notice] [pid 15008:tid 1948] [client ::1:58951] Router: Trying to match path: /auth/login against pattern: /^\\/seller\\/product\\/store$/i, referer: http://localhost/login.php
[Sun Oct 12 15:31:33.808890 2025] [php:notice] [pid 15008:tid 1948] [client ::1:58951] Router: Route pattern did not match, referer: http://localhost/login.php
[Sun Oct 12 15:31:33.808890 2025] [php:notice] [pid 15008:tid 1948] [client ::1:58951] Router: Attempting to match '/auth/login' against route '/seller/product/update/:id', referer: http://localhost/login.php
[Sun Oct 12 15:31:33.808890 2025] [php:notice] [pid 15008:tid 1948] [client ::1:58951] Router: Trying to match path: /auth/login against pattern: /^\\/seller\\/product\\/update\\/:id$/i, referer: http://localhost/login.php
[Sun Oct 12 15:31:33.808890 2025] [php:notice] [pid 15008:tid 1948] [client ::1:58951] Router: Route pattern did not match, referer: http://localhost/login.php
[Sun Oct 12 15:31:33.808890 2025] [php:notice] [pid 15008:tid 1948] [client ::1:58951] Router: Attempting to match '/auth/login' against route '/seller/inventory/update', referer: http://localhost/login.php
[Sun Oct 12 15:31:33.808890 2025] [php:notice] [pid 15008:tid 1948] [client ::1:58951] Router: Trying to match path: /auth/login against pattern: /^\\/seller\\/inventory\\/update$/i, referer: http://localhost/login.php
[Sun Oct 12 15:31:33.808890 2025] [php:notice] [pid 15008:tid 1948] [client ::1:58951] Router: Route pattern did not match, referer: http://localhost/login.php
[Sun Oct 12 15:31:33.808890 2025] [php:notice] [pid 15008:tid 1948] [client ::1:58951] Router: Attempting to match '/auth/login' against route '/seller/pricing/update', referer: http://localhost/login.php
[Sun Oct 12 15:31:33.808890 2025] [php:notice] [pid 15008:tid 1948] [client ::1:58951] Router: Trying to match path: /auth/login against pattern: /^\\/seller\\/pricing\\/update$/i, referer: http://localhost/login.php
[Sun Oct 12 15:31:33.808890 2025] [php:notice] [pid 15008:tid 1948] [client ::1:58951] Router: Route pattern did not match, referer: http://localhost/login.php
[Sun Oct 12 15:31:33.808890 2025] [php:notice] [pid 15008:tid 1948] [client ::1:58951] Router: No matching route found for POST /auth/login, referer: http://localhost/login.php
[Sun Oct 12 15:31:33.808890 2025] [php:notice] [pid 15008:tid 1948] [client ::1:58951] Router: Returning 404 Not Found response, referer: http://localhost/login.php
[Sun Oct 12 15:31:33.808890 2025] [php:notice] [pid 15008:tid 1948] [client ::1:58951] Router: Request was POST /auth/login, referer: http://localhost/login.php
[Sun Oct 12 15:44:25.322335 2025] [php:notice] [pid 15008:tid 1948] [client ::1:53667] Raw Request URI: /
[Sun Oct 12 15:44:25.323275 2025] [php:notice] [pid 15008:tid 1948] [client ::1:53667] SCRIPT_NAME: /index.php
[Sun Oct 12 15:44:25.323275 2025] [php:notice] [pid 15008:tid 1948] [client ::1:53667] PHP_SELF: /index.php
[Sun Oct 12 15:44:25.323275 2025] [php:notice] [pid 15008:tid 1948] [client ::1:53667] DOCUMENT_ROOT: C:/xampps/htdocs/dynamic_pricing/public
[Sun Oct 12 15:44:25.323275 2025] [php:notice] [pid 15008:tid 1948] [client ::1:53667] Processed Request URI: /
[Sun Oct 12 15:44:25.323275 2025] [php:notice] [pid 15008:tid 1948] [client ::1:53667] Request Method: GET
[Sun Oct 12 15:44:25.323275 2025] [php:notice] [pid 15008:tid 1948] [client ::1:53667] Base Path: 
[Sun Oct 12 15:44:25.325267 2025] [php:notice] [pid 15008:tid 1948] [client ::1:53667] Router: Original URI: /
[Sun Oct 12 15:44:25.325267 2025] [php:notice] [pid 15008:tid 1948] [client ::1:53667] Router: Normalized path: /
[Sun Oct 12 15:44:25.325267 2025] [php:notice] [pid 15008:tid 1948] [client ::1:53667] Router: Dispatching GET /
[Sun Oct 12 15:44:25.325267 2025] [php:notice] [pid 15008:tid 1948] [client ::1:53667] Router: Available routes for GET: /, /login, /auth/logout, /register, /forgot-password, /buyer/shop, /buyer/product/{id}, /buyer/cart, /buyer/checkout, /buyer/orders, /seller/dashboard, /seller/products, /seller/product/create, /seller/product/edit/{id}, /seller/inventory, /seller/pricing, /seller/orders, /seller/analytics
[Sun Oct 12 15:44:25.325267 2025] [php:notice] [pid 15008:tid 1948] [client ::1:53667] Router: Attempting to match '/' against route '/'
[Sun Oct 12 15:44:25.325267 2025] [php:notice] [pid 15008:tid 1948] [client ::1:53667] Router: Trying to match path: / against pattern: /^\\/$/i
[Sun Oct 12 15:44:25.325267 2025] [php:notice] [pid 15008:tid 1948] [client ::1:53667] Router: Route matched with parameters: []
[Sun Oct 12 15:44:25.326267 2025] [php:notice] [pid 15008:tid 1948] [client ::1:53667] Router: Match found! Calling handler HomeController@index
[Sun Oct 12 15:44:25.326267 2025] [php:notice] [pid 15008:tid 1948] [client ::1:53667] Router: Looking for controller file: C:\\xampps\\htdocs\\dynamic_pricing\\core/../controllers/HomeController.php
[Sun Oct 12 15:44:25.332138 2025] [php:notice] [pid 15008:tid 1948] [client ::1:53667] Router: Calling HomeController::index with parameters: []
[Sun Oct 12 15:44:39.944694 2025] [php:notice] [pid 15008:tid 1948] [client ::1:49327] Raw Request URI: /login, referer: http://localhost/
[Sun Oct 12 15:44:39.944694 2025] [php:notice] [pid 15008:tid 1948] [client ::1:49327] SCRIPT_NAME: /index.php, referer: http://localhost/
[Sun Oct 12 15:44:39.945690 2025] [php:notice] [pid 15008:tid 1948] [client ::1:49327] PHP_SELF: /index.php, referer: http://localhost/
[Sun Oct 12 15:44:39.945690 2025] [php:notice] [pid 15008:tid 1948] [client ::1:49327] DOCUMENT_ROOT: C:/xampps/htdocs/dynamic_pricing/public, referer: http://localhost/
[Sun Oct 12 15:44:39.945690 2025] [php:notice] [pid 15008:tid 1948] [client ::1:49327] Processed Request URI: /login, referer: http://localhost/
[Sun Oct 12 15:44:39.945690 2025] [php:notice] [pid 15008:tid 1948] [client ::1:49327] Request Method: GET, referer: http://localhost/
[Sun Oct 12 15:44:39.945690 2025] [php:notice] [pid 15008:tid 1948] [client ::1:49327] Base Path: , referer: http://localhost/
[Sun Oct 12 15:44:39.946687 2025] [php:notice] [pid 15008:tid 1948] [client ::1:49327] Router: Original URI: /login, referer: http://localhost/
[Sun Oct 12 15:44:39.946687 2025] [php:notice] [pid 15008:tid 1948] [client ::1:49327] Router: Normalized path: /login, referer: http://localhost/
[Sun Oct 12 15:44:39.946687 2025] [php:notice] [pid 15008:tid 1948] [client ::1:49327] Router: Dispatching GET /login, referer: http://localhost/
[Sun Oct 12 15:44:39.946687 2025] [php:notice] [pid 15008:tid 1948] [client ::1:49327] Router: Available routes for GET: /, /login, /auth/logout, /register, /forgot-password, /buyer/shop, /buyer/product/{id}, /buyer/cart, /buyer/checkout, /buyer/orders, /seller/dashboard, /seller/products, /seller/product/create, /seller/product/edit/{id}, /seller/inventory, /seller/pricing, /seller/orders, /seller/analytics, referer: http://localhost/
[Sun Oct 12 15:44:39.946687 2025] [php:notice] [pid 15008:tid 1948] [client ::1:49327] Router: Attempting to match '/login' against route '/', referer: http://localhost/
[Sun Oct 12 15:44:39.946687 2025] [php:notice] [pid 15008:tid 1948] [client ::1:49327] Router: Trying to match path: /login against pattern: /^\\/$/i, referer: http://localhost/
[Sun Oct 12 15:44:39.947684 2025] [php:notice] [pid 15008:tid 1948] [client ::1:49327] Router: Route pattern did not match, referer: http://localhost/
[Sun Oct 12 15:44:39.947684 2025] [php:notice] [pid 15008:tid 1948] [client ::1:49327] Router: Attempting to match '/login' against route '/login', referer: http://localhost/
[Sun Oct 12 15:44:39.947684 2025] [php:notice] [pid 15008:tid 1948] [client ::1:49327] Router: Trying to match path: /login against pattern: /^\\/login$/i, referer: http://localhost/
[Sun Oct 12 15:44:39.947684 2025] [php:notice] [pid 15008:tid 1948] [client ::1:49327] Router: Route matched with parameters: [], referer: http://localhost/
[Sun Oct 12 15:44:39.947684 2025] [php:notice] [pid 15008:tid 1948] [client ::1:49327] Router: Match found! Calling handler AuthController@showLogin, referer: http://localhost/
[Sun Oct 12 15:44:39.948682 2025] [php:notice] [pid 15008:tid 1948] [client ::1:49327] Router: Looking for controller file: C:\\xampps\\htdocs\\dynamic_pricing\\core/../controllers/AuthController.php, referer: http://localhost/
[Sun Oct 12 15:44:41.243055 2025] [php:notice] [pid 15008:tid 1948] [client ::1:49327] Router: Calling AuthController::showLogin with parameters: [], referer: http://localhost/
[Sun Oct 12 15:44:42.873636 2025] [php:notice] [pid 15008:tid 1944] [client ::1:56850] Raw Request URI: /login, referer: http://localhost/buyer/shop
[Sun Oct 12 15:44:42.873636 2025] [php:notice] [pid 15008:tid 1944] [client ::1:56850] SCRIPT_NAME: /index.php, referer: http://localhost/buyer/shop
[Sun Oct 12 15:44:42.873636 2025] [php:notice] [pid 15008:tid 1944] [client ::1:56850] PHP_SELF: /index.php, referer: http://localhost/buyer/shop
[Sun Oct 12 15:44:42.873636 2025] [php:notice] [pid 15008:tid 1944] [client ::1:56850] DOCUMENT_ROOT: C:/xampps/htdocs/dynamic_pricing/public, referer: http://localhost/buyer/shop
[Sun Oct 12 15:44:42.874632 2025] [php:notice] [pid 15008:tid 1944] [client ::1:56850] Processed Request URI: /login, referer: http://localhost/buyer/shop
[Sun Oct 12 15:44:42.874632 2025] [php:notice] [pid 15008:tid 1944] [client ::1:56850] Request Method: GET, referer: http://localhost/buyer/shop
[Sun Oct 12 15:44:42.874632 2025] [php:notice] [pid 15008:tid 1944] [client ::1:56850] Base Path: , referer: http://localhost/buyer/shop
[Sun Oct 12 15:44:42.874632 2025] [php:notice] [pid 15008:tid 1944] [client ::1:56850] Router: Original URI: /login, referer: http://localhost/buyer/shop
[Sun Oct 12 15:44:42.875629 2025] [php:notice] [pid 15008:tid 1944] [client ::1:56850] Router: Normalized path: /login, referer: http://localhost/buyer/shop
[Sun Oct 12 15:44:42.875629 2025] [php:notice] [pid 15008:tid 1944] [client ::1:56850] Router: Dispatching GET /login, referer: http://localhost/buyer/shop
[Sun Oct 12 15:44:42.875629 2025] [php:notice] [pid 15008:tid 1944] [client ::1:56850] Router: Available routes for GET: /, /login, /auth/logout, /register, /forgot-password, /buyer/shop, /buyer/product/{id}, /buyer/cart, /buyer/checkout, /buyer/orders, /seller/dashboard, /seller/products, /seller/product/create, /seller/product/edit/{id}, /seller/inventory, /seller/pricing, /seller/orders, /seller/analytics, referer: http://localhost/buyer/shop
[Sun Oct 12 15:44:42.875629 2025] [php:notice] [pid 15008:tid 1944] [client ::1:56850] Router: Attempting to match '/login' against route '/', referer: http://localhost/buyer/shop
[Sun Oct 12 15:44:42.875629 2025] [php:notice] [pid 15008:tid 1944] [client ::1:56850] Router: Trying to match path: /login against pattern: /^\\/$/i, referer: http://localhost/buyer/shop
[Sun Oct 12 15:44:42.875629 2025] [php:notice] [pid 15008:tid 1944] [client ::1:56850] Router: Route pattern did not match, referer: http://localhost/buyer/shop
[Sun Oct 12 15:44:42.876626 2025] [php:notice] [pid 15008:tid 1944] [client ::1:56850] Router: Attempting to match '/login' against route '/login', referer: http://localhost/buyer/shop
[Sun Oct 12 15:44:42.876626 2025] [php:notice] [pid 15008:tid 1944] [client ::1:56850] Router: Trying to match path: /login against pattern: /^\\/login$/i, referer: http://localhost/buyer/shop
[Sun Oct 12 15:44:42.876626 2025] [php:notice] [pid 15008:tid 1944] [client ::1:56850] Router: Route matched with parameters: [], referer: http://localhost/buyer/shop
[Sun Oct 12 15:44:42.876626 2025] [php:notice] [pid 15008:tid 1944] [client ::1:56850] Router: Match found! Calling handler AuthController@showLogin, referer: http://localhost/buyer/shop
[Sun Oct 12 15:44:42.876626 2025] [php:notice] [pid 15008:tid 1944] [client ::1:56850] Router: Looking for controller file: C:\\xampps\\htdocs\\dynamic_pricing\\core/../controllers/AuthController.php, referer: http://localhost/buyer/shop
[Sun Oct 12 15:44:42.888594 2025] [php:notice] [pid 15008:tid 1944] [client ::1:56850] Router: Calling AuthController::showLogin with parameters: [], referer: http://localhost/buyer/shop
[Sun Oct 12 15:44:48.126487 2025] [php:notice] [pid 15008:tid 1944] [client ::1:56850] Raw Request URI: /register, referer: http://localhost/login
[Sun Oct 12 15:44:48.126487 2025] [php:notice] [pid 15008:tid 1944] [client ::1:56850] SCRIPT_NAME: /index.php, referer: http://localhost/login
[Sun Oct 12 15:44:48.127528 2025] [php:notice] [pid 15008:tid 1944] [client ::1:56850] PHP_SELF: /index.php, referer: http://localhost/login
[Sun Oct 12 15:44:48.127528 2025] [php:notice] [pid 15008:tid 1944] [client ::1:56850] DOCUMENT_ROOT: C:/xampps/htdocs/dynamic_pricing/public, referer: http://localhost/login
[Sun Oct 12 15:44:48.127528 2025] [php:notice] [pid 15008:tid 1944] [client ::1:56850] Processed Request URI: /register, referer: http://localhost/login
[Sun Oct 12 15:44:48.127528 2025] [php:notice] [pid 15008:tid 1944] [client ::1:56850] Request Method: GET, referer: http://localhost/login
[Sun Oct 12 15:44:48.127528 2025] [php:notice] [pid 15008:tid 1944] [client ::1:56850] Base Path: , referer: http://localhost/login
[Sun Oct 12 15:44:48.128483 2025] [php:notice] [pid 15008:tid 1944] [client ::1:56850] Router: Original URI: /register, referer: http://localhost/login
[Sun Oct 12 15:44:48.128483 2025] [php:notice] [pid 15008:tid 1944] [client ::1:56850] Router: Normalized path: /register, referer: http://localhost/login
[Sun Oct 12 15:44:48.128483 2025] [php:notice] [pid 15008:tid 1944] [client ::1:56850] Router: Dispatching GET /register, referer: http://localhost/login
[Sun Oct 12 15:44:48.128483 2025] [php:notice] [pid 15008:tid 1944] [client ::1:56850] Router: Available routes for GET: /, /login, /auth/logout, /register, /forgot-password, /buyer/shop, /buyer/product/{id}, /buyer/cart, /buyer/checkout, /buyer/orders, /seller/dashboard, /seller/products, /seller/product/create, /seller/product/edit/{id}, /seller/inventory, /seller/pricing, /seller/orders, /seller/analytics, referer: http://localhost/login
[Sun Oct 12 15:44:48.128483 2025] [php:notice] [pid 15008:tid 1944] [client ::1:56850] Router: Attempting to match '/register' against route '/', referer: http://localhost/login
[Sun Oct 12 15:44:48.129480 2025] [php:notice] [pid 15008:tid 1944] [client ::1:56850] Router: Trying to match path: /register against pattern: /^\\/$/i, referer: http://localhost/login
[Sun Oct 12 15:44:48.129480 2025] [php:notice] [pid 15008:tid 1944] [client ::1:56850] Router: Route pattern did not match, referer: http://localhost/login
[Sun Oct 12 15:44:48.129480 2025] [php:notice] [pid 15008:tid 1944] [client ::1:56850] Router: Attempting to match '/register' against route '/login', referer: http://localhost/login
[Sun Oct 12 15:44:48.129480 2025] [php:notice] [pid 15008:tid 1944] [client ::1:56850] Router: Trying to match path: /register against pattern: /^\\/login$/i, referer: http://localhost/login
[Sun Oct 12 15:44:48.129480 2025] [php:notice] [pid 15008:tid 1944] [client ::1:56850] Router: Route pattern did not match, referer: http://localhost/login
[Sun Oct 12 15:44:48.129480 2025] [php:notice] [pid 15008:tid 1944] [client ::1:56850] Router: Attempting to match '/register' against route '/auth/logout', referer: http://localhost/login
[Sun Oct 12 15:44:48.130477 2025] [php:notice] [pid 15008:tid 1944] [client ::1:56850] Router: Trying to match path: /register against pattern: /^\\/auth\\/logout$/i, referer: http://localhost/login
[Sun Oct 12 15:44:48.130477 2025] [php:notice] [pid 15008:tid 1944] [client ::1:56850] Router: Route pattern did not match, referer: http://localhost/login
[Sun Oct 12 15:44:48.130477 2025] [php:notice] [pid 15008:tid 1944] [client ::1:56850] Router: Attempting to match '/register' against route '/register', referer: http://localhost/login
[Sun Oct 12 15:44:48.130477 2025] [php:notice] [pid 15008:tid 1944] [client ::1:56850] Router: Trying to match path: /register against pattern: /^\\/register$/i, referer: http://localhost/login
[Sun Oct 12 15:44:48.130477 2025] [php:notice] [pid 15008:tid 1944] [client ::1:56850] Router: Route matched with parameters: [], referer: http://localhost/login
[Sun Oct 12 15:44:48.130477 2025] [php:notice] [pid 15008:tid 1944] [client ::1:56850] Router: Match found! Calling handler AuthController@showRegister, referer: http://localhost/login
[Sun Oct 12 15:44:48.131518 2025] [php:notice] [pid 15008:tid 1944] [client ::1:56850] Router: Looking for controller file: C:\\xampps\\htdocs\\dynamic_pricing\\core/../controllers/AuthController.php, referer: http://localhost/login
[Sun Oct 12 15:44:48.139455 2025] [php:notice] [pid 15008:tid 1944] [client ::1:56850] Router: Calling AuthController::showRegister with parameters: [], referer: http://localhost/login
[Sun Oct 12 15:45:26.616215 2025] [php:notice] [pid 15008:tid 1944] [client ::1:53014] Raw Request URI: /auth/register, referer: http://localhost/register
[Sun Oct 12 15:45:26.616215 2025] [php:notice] [pid 15008:tid 1944] [client ::1:53014] SCRIPT_NAME: /index.php, referer: http://localhost/register
[Sun Oct 12 15:45:26.617218 2025] [php:notice] [pid 15008:tid 1944] [client ::1:53014] PHP_SELF: /index.php, referer: http://localhost/register
[Sun Oct 12 15:45:26.618216 2025] [php:notice] [pid 15008:tid 1944] [client ::1:53014] DOCUMENT_ROOT: C:/xampps/htdocs/dynamic_pricing/public, referer: http://localhost/register
[Sun Oct 12 15:45:26.618216 2025] [php:notice] [pid 15008:tid 1944] [client ::1:53014] Processed Request URI: /auth/register, referer: http://localhost/register
[Sun Oct 12 15:45:26.618216 2025] [php:notice] [pid 15008:tid 1944] [client ::1:53014] Request Method: POST, referer: http://localhost/register
[Sun Oct 12 15:45:26.619212 2025] [php:notice] [pid 15008:tid 1944] [client ::1:53014] Base Path: , referer: http://localhost/register
[Sun Oct 12 15:45:26.619212 2025] [php:notice] [pid 15008:tid 1944] [client ::1:53014] Router: Original URI: /auth/register, referer: http://localhost/register
[Sun Oct 12 15:45:26.619212 2025] [php:notice] [pid 15008:tid 1944] [client ::1:53014] Router: Normalized path: /auth/register, referer: http://localhost/register
[Sun Oct 12 15:45:26.620209 2025] [php:notice] [pid 15008:tid 1944] [client ::1:53014] Router: Dispatching POST /auth/register, referer: http://localhost/register
[Sun Oct 12 15:45:26.620209 2025] [php:notice] [pid 15008:tid 1944] [client ::1:53014] Router: Available routes for POST: /auth/login, /auth/register, /auth/logout, /auth/forgot-password, /auth/reset-password, /buyer/cart/add, /buyer/cart/update, /buyer/cart/remove, /buyer/order/create, /seller/product/create, /seller/product/update/{id}, /seller/product/delete/{id}, /seller/inventory/update, /seller/pricing/rule/create, /seller/pricing/rule/update/{id}, /seller/pricing/rule/delete/{id}, /seller/product/store, /seller/pricing/update, referer: http://localhost/register
[Sun Oct 12 15:45:26.620209 2025] [php:notice] [pid 15008:tid 1944] [client ::1:53014] Router: Attempting to match '/auth/register' against route '/auth/login', referer: http://localhost/register
[Sun Oct 12 15:45:26.620209 2025] [php:notice] [pid 15008:tid 1944] [client ::1:53014] Router: Trying to match path: /auth/register against pattern: /^\\/auth\\/login$/i, referer: http://localhost/register
[Sun Oct 12 15:45:26.620209 2025] [php:notice] [pid 15008:tid 1944] [client ::1:53014] Router: Route pattern did not match, referer: http://localhost/register
[Sun Oct 12 15:45:26.621206 2025] [php:notice] [pid 15008:tid 1944] [client ::1:53014] Router: Attempting to match '/auth/register' against route '/auth/register', referer: http://localhost/register
[Sun Oct 12 15:45:26.621206 2025] [php:notice] [pid 15008:tid 1944] [client ::1:53014] Router: Trying to match path: /auth/register against pattern: /^\\/auth\\/register$/i, referer: http://localhost/register
[Sun Oct 12 15:45:26.621206 2025] [php:notice] [pid 15008:tid 1944] [client ::1:53014] Router: Route matched with parameters: [], referer: http://localhost/register
[Sun Oct 12 15:45:26.621206 2025] [php:notice] [pid 15008:tid 1944] [client ::1:53014] Router: Match found! Calling handler AuthController@register, referer: http://localhost/register
[Sun Oct 12 15:45:26.621206 2025] [php:notice] [pid 15008:tid 1944] [client ::1:53014] Router: Looking for controller file: C:\\xampps\\htdocs\\dynamic_pricing\\core/../controllers/AuthController.php, referer: http://localhost/register
[Sun Oct 12 15:45:26.627192 2025] [php:notice] [pid 15008:tid 1944] [client ::1:53014] Router: Calling AuthController::register with parameters: [], referer: http://localhost/register
[Sun Oct 12 15:45:26.765334 2025] [php:notice] [pid 15008:tid 1944] [client ::1:53014] Router: Error calling AuthController::register: SQLSTATE[42S22]: Column not found: 1054 Unknown column 'username' in 'where clause', referer: http://localhost/register
[Sun Oct 12 15:45:26.765334 2025] [php:notice] [pid 15008:tid 1944] [client ::1:53014] Router: #0 C:\\xampps\\htdocs\\dynamic_pricing\\core\\Model.php(96): PDO->prepare('SELECT COUNT(*)...')\n#1 C:\\xampps\\htdocs\\dynamic_pricing\\models\\User.php(34): Model->count(Array)\n#2 C:\\xampps\\htdocs\\dynamic_pricing\\controllers\\AuthController.php(69): User->usernameExists('teay')\n#3 C:\\xampps\\htdocs\\dynamic_pricing\\core\\Router.php(171): AuthController->register()\n#4 C:\\xampps\\htdocs\\dynamic_pricing\\core\\Router.php(84): Router->callHandler('AuthController@...', Array)\n#5 C:\\xampps\\htdocs\\dynamic_pricing\\public\\index.php(61): Router->dispatch('/auth/register', 'POST')\n#6 {main}, referer: http://localhost/register
[Sun Oct 12 15:45:26.767514 2025] [php:notice] [pid 15008:tid 1944] [client ::1:53014] Router Error: SQLSTATE[42S22]: Column not found: 1054 Unknown column 'username' in 'where clause', referer: http://localhost/register
[Sun Oct 12 15:45:26.768525 2025] [php:notice] [pid 15008:tid 1944] [client ::1:53014] Stack trace: #0 C:\\xampps\\htdocs\\dynamic_pricing\\core\\Model.php(96): PDO->prepare('SELECT COUNT(*)...')\n#1 C:\\xampps\\htdocs\\dynamic_pricing\\models\\User.php(34): Model->count(Array)\n#2 C:\\xampps\\htdocs\\dynamic_pricing\\controllers\\AuthController.php(69): User->usernameExists('teay')\n#3 C:\\xampps\\htdocs\\dynamic_pricing\\core\\Router.php(171): AuthController->register()\n#4 C:\\xampps\\htdocs\\dynamic_pricing\\core\\Router.php(84): Router->callHandler('AuthController@...', Array)\n#5 C:\\xampps\\htdocs\\dynamic_pricing\\public\\index.php(61): Router->dispatch('/auth/register', 'POST')\n#6 {main}, referer: http://localhost/register
[Sun Oct 12 15:45:35.849980 2025] [php:notice] [pid 15008:tid 1944] [client ::1:55189] Raw Request URI: /, referer: http://localhost/auth/register
[Sun Oct 12 15:45:35.849980 2025] [php:notice] [pid 15008:tid 1944] [client ::1:55189] SCRIPT_NAME: /index.php, referer: http://localhost/auth/register
[Sun Oct 12 15:45:35.849980 2025] [php:notice] [pid 15008:tid 1944] [client ::1:55189] PHP_SELF: /index.php, referer: http://localhost/auth/register
[Sun Oct 12 15:45:35.850977 2025] [php:notice] [pid 15008:tid 1944] [client ::1:55189] DOCUMENT_ROOT: C:/xampps/htdocs/dynamic_pricing/public, referer: http://localhost/auth/register
[Sun Oct 12 15:45:35.850977 2025] [php:notice] [pid 15008:tid 1944] [client ::1:55189] Processed Request URI: /, referer: http://localhost/auth/register
[Sun Oct 12 15:45:35.850977 2025] [php:notice] [pid 15008:tid 1944] [client ::1:55189] Request Method: GET, referer: http://localhost/auth/register
[Sun Oct 12 15:45:35.850977 2025] [php:notice] [pid 15008:tid 1944] [client ::1:55189] Base Path: , referer: http://localhost/auth/register
[Sun Oct 12 15:45:35.851973 2025] [php:notice] [pid 15008:tid 1944] [client ::1:55189] Router: Original URI: /, referer: http://localhost/auth/register
[Sun Oct 12 15:45:35.851973 2025] [php:notice] [pid 15008:tid 1944] [client ::1:55189] Router: Normalized path: /, referer: http://localhost/auth/register
[Sun Oct 12 15:45:35.851973 2025] [php:notice] [pid 15008:tid 1944] [client ::1:55189] Router: Dispatching GET /, referer: http://localhost/auth/register
[Sun Oct 12 15:45:35.851973 2025] [php:notice] [pid 15008:tid 1944] [client ::1:55189] Router: Available routes for GET: /, /login, /auth/logout, /register, /forgot-password, /buyer/shop, /buyer/product/{id}, /buyer/cart, /buyer/checkout, /buyer/orders, /seller/dashboard, /seller/products, /seller/product/create, /seller/product/edit/{id}, /seller/inventory, /seller/pricing, /seller/orders, /seller/analytics, referer: http://localhost/auth/register
[Sun Oct 12 15:45:35.851973 2025] [php:notice] [pid 15008:tid 1944] [client ::1:55189] Router: Attempting to match '/' against route '/', referer: http://localhost/auth/register
[Sun Oct 12 15:45:35.851973 2025] [php:notice] [pid 15008:tid 1944] [client ::1:55189] Router: Trying to match path: / against pattern: /^\\/$/i, referer: http://localhost/auth/register
[Sun Oct 12 15:45:35.852971 2025] [php:notice] [pid 15008:tid 1944] [client ::1:55189] Router: Route matched with parameters: [], referer: http://localhost/auth/register
[Sun Oct 12 15:45:35.852971 2025] [php:notice] [pid 15008:tid 1944] [client ::1:55189] Router: Match found! Calling handler HomeController@index, referer: http://localhost/auth/register
[Sun Oct 12 15:45:35.852971 2025] [php:notice] [pid 15008:tid 1944] [client ::1:55189] Router: Looking for controller file: C:\\xampps\\htdocs\\dynamic_pricing\\core/../controllers/HomeController.php, referer: http://localhost/auth/register
[Sun Oct 12 15:45:35.854970 2025] [php:notice] [pid 15008:tid 1944] [client ::1:55189] Router: Calling HomeController::index with parameters: [], referer: http://localhost/auth/register
[Sun Oct 12 15:45:39.468425 2025] [php:notice] [pid 15008:tid 1944] [client ::1:55189] Raw Request URI: /login, referer: http://localhost/
[Sun Oct 12 15:45:39.485211 2025] [php:notice] [pid 15008:tid 1944] [client ::1:55189] SCRIPT_NAME: /index.php, referer: http://localhost/
[Sun Oct 12 15:45:39.486220 2025] [php:notice] [pid 15008:tid 1944] [client ::1:55189] PHP_SELF: /index.php, referer: http://localhost/
[Sun Oct 12 15:45:39.486220 2025] [php:notice] [pid 15008:tid 1944] [client ::1:55189] DOCUMENT_ROOT: C:/xampps/htdocs/dynamic_pricing/public, referer: http://localhost/
[Sun Oct 12 15:45:39.489686 2025] [php:notice] [pid 15008:tid 1944] [client ::1:55189] Processed Request URI: /login, referer: http://localhost/
[Sun Oct 12 15:45:39.490664 2025] [php:notice] [pid 15008:tid 1944] [client ::1:55189] Request Method: GET, referer: http://localhost/
[Sun Oct 12 15:45:39.490664 2025] [php:notice] [pid 15008:tid 1944] [client ::1:55189] Base Path: , referer: http://localhost/
[Sun Oct 12 15:45:39.492097 2025] [php:notice] [pid 15008:tid 1944] [client ::1:55189] Router: Original URI: /login, referer: http://localhost/
[Sun Oct 12 15:45:39.492097 2025] [php:notice] [pid 15008:tid 1944] [client ::1:55189] Router: Normalized path: /login, referer: http://localhost/
[Sun Oct 12 15:45:39.492097 2025] [php:notice] [pid 15008:tid 1944] [client ::1:55189] Router: Dispatching GET /login, referer: http://localhost/
[Sun Oct 12 15:45:39.492097 2025] [php:notice] [pid 15008:tid 1944] [client ::1:55189] Router: Available routes for GET: /, /login, /auth/logout, /register, /forgot-password, /buyer/shop, /buyer/product/{id}, /buyer/cart, /buyer/checkout, /buyer/orders, /seller/dashboard, /seller/products, /seller/product/create, /seller/product/edit/{id}, /seller/inventory, /seller/pricing, /seller/orders, /seller/analytics, referer: http://localhost/
[Sun Oct 12 15:45:39.492097 2025] [php:notice] [pid 15008:tid 1944] [client ::1:55189] Router: Attempting to match '/login' against route '/', referer: http://localhost/
[Sun Oct 12 15:45:39.492097 2025] [php:notice] [pid 15008:tid 1944] [client ::1:55189] Router: Trying to match path: /login against pattern: /^\\/$/i, referer: http://localhost/
[Sun Oct 12 15:45:39.492097 2025] [php:notice] [pid 15008:tid 1944] [client ::1:55189] Router: Route pattern did not match, referer: http://localhost/
[Sun Oct 12 15:45:39.492097 2025] [php:notice] [pid 15008:tid 1944] [client ::1:55189] Router: Attempting to match '/login' against route '/login', referer: http://localhost/
[Sun Oct 12 15:45:39.492097 2025] [php:notice] [pid 15008:tid 1944] [client ::1:55189] Router: Trying to match path: /login against pattern: /^\\/login$/i, referer: http://localhost/
[Sun Oct 12 15:45:39.492097 2025] [php:notice] [pid 15008:tid 1944] [client ::1:55189] Router: Route matched with parameters: [], referer: http://localhost/
[Sun Oct 12 15:45:39.492097 2025] [php:notice] [pid 15008:tid 1944] [client ::1:55189] Router: Match found! Calling handler AuthController@showLogin, referer: http://localhost/
[Sun Oct 12 15:45:39.492097 2025] [php:notice] [pid 15008:tid 1944] [client ::1:55189] Router: Looking for controller file: C:\\xampps\\htdocs\\dynamic_pricing\\core/../controllers/AuthController.php, referer: http://localhost/
[Sun Oct 12 15:45:39.492097 2025] [php:notice] [pid 15008:tid 1944] [client ::1:55189] Router: Calling AuthController::showLogin with parameters: [], referer: http://localhost/
[Sun Oct 12 15:45:50.838021 2025] [php:notice] [pid 15008:tid 1944] [client ::1:50701] Raw Request URI: /auth/login, referer: http://localhost/login
[Sun Oct 12 15:45:50.838021 2025] [php:notice] [pid 15008:tid 1944] [client ::1:50701] SCRIPT_NAME: /index.php, referer: http://localhost/login
[Sun Oct 12 15:45:50.838021 2025] [php:notice] [pid 15008:tid 1944] [client ::1:50701] PHP_SELF: /index.php, referer: http://localhost/login
[Sun Oct 12 15:45:50.838021 2025] [php:notice] [pid 15008:tid 1944] [client ::1:50701] DOCUMENT_ROOT: C:/xampps/htdocs/dynamic_pricing/public, referer: http://localhost/login
[Sun Oct 12 15:45:50.839023 2025] [php:notice] [pid 15008:tid 1944] [client ::1:50701] Processed Request URI: /auth/login, referer: http://localhost/login
[Sun Oct 12 15:45:50.839023 2025] [php:notice] [pid 15008:tid 1944] [client ::1:50701] Request Method: POST, referer: http://localhost/login
[Sun Oct 12 15:45:50.839023 2025] [php:notice] [pid 15008:tid 1944] [client ::1:50701] Base Path: , referer: http://localhost/login
[Sun Oct 12 15:45:50.839023 2025] [php:notice] [pid 15008:tid 1944] [client ::1:50701] Router: Original URI: /auth/login, referer: http://localhost/login
[Sun Oct 12 15:45:50.839023 2025] [php:notice] [pid 15008:tid 1944] [client ::1:50701] Router: Normalized path: /auth/login, referer: http://localhost/login
[Sun Oct 12 15:45:50.840292 2025] [php:notice] [pid 15008:tid 1944] [client ::1:50701] Router: Dispatching POST /auth/login, referer: http://localhost/login
[Sun Oct 12 15:45:50.840292 2025] [php:notice] [pid 15008:tid 1944] [client ::1:50701] Router: Available routes for POST: /auth/login, /auth/register, /auth/logout, /auth/forgot-password, /auth/reset-password, /buyer/cart/add, /buyer/cart/update, /buyer/cart/remove, /buyer/order/create, /seller/product/create, /seller/product/update/{id}, /seller/product/delete/{id}, /seller/inventory/update, /seller/pricing/rule/create, /seller/pricing/rule/update/{id}, /seller/pricing/rule/delete/{id}, /seller/product/store, /seller/pricing/update, referer: http://localhost/login
[Sun Oct 12 15:45:50.840292 2025] [php:notice] [pid 15008:tid 1944] [client ::1:50701] Router: Attempting to match '/auth/login' against route '/auth/login', referer: http://localhost/login
[Sun Oct 12 15:45:50.840292 2025] [php:notice] [pid 15008:tid 1944] [client ::1:50701] Router: Trying to match path: /auth/login against pattern: /^\\/auth\\/login$/i, referer: http://localhost/login
[Sun Oct 12 15:45:50.840292 2025] [php:notice] [pid 15008:tid 1944] [client ::1:50701] Router: Route matched with parameters: [], referer: http://localhost/login
[Sun Oct 12 15:45:50.841316 2025] [php:notice] [pid 15008:tid 1944] [client ::1:50701] Router: Match found! Calling handler AuthController@login, referer: http://localhost/login
[Sun Oct 12 15:45:50.841316 2025] [php:notice] [pid 15008:tid 1944] [client ::1:50701] Router: Looking for controller file: C:\\xampps\\htdocs\\dynamic_pricing\\core/../controllers/AuthController.php, referer: http://localhost/login
[Sun Oct 12 15:45:50.849295 2025] [php:notice] [pid 15008:tid 1944] [client ::1:50701] Router: Calling AuthController::login with parameters: [], referer: http://localhost/login
[Sun Oct 12 15:45:50.850291 2025] [php:notice] [pid 15008:tid 1944] [client ::1:50701] Router: Error calling AuthController::login: SQLSTATE[42S22]: Column not found: 1054 Unknown column 'username' in 'where clause', referer: http://localhost/login
[Sun Oct 12 15:45:50.850291 2025] [php:notice] [pid 15008:tid 1944] [client ::1:50701] Router: #0 C:\\xampps\\htdocs\\dynamic_pricing\\models\\User.php(19): PDO->prepare('SELECT * FROM u...')\n#1 C:\\xampps\\htdocs\\dynamic_pricing\\controllers\\AuthController.php(137): User->verifyLogin('teay', 'LongJump@25')\n#2 C:\\xampps\\htdocs\\dynamic_pricing\\core\\Router.php(171): AuthController->login()\n#3 C:\\xampps\\htdocs\\dynamic_pricing\\core\\Router.php(84): Router->callHandler('AuthController@...', Array)\n#4 C:\\xampps\\htdocs\\dynamic_pricing\\public\\index.php(61): Router->dispatch('/auth/login', 'POST')\n#5 {main}, referer: http://localhost/login
[Sun Oct 12 15:45:50.851289 2025] [php:notice] [pid 15008:tid 1944] [client ::1:50701] Router Error: SQLSTATE[42S22]: Column not found: 1054 Unknown column 'username' in 'where clause', referer: http://localhost/login
[Sun Oct 12 15:45:50.852286 2025] [php:notice] [pid 15008:tid 1944] [client ::1:50701] Stack trace: #0 C:\\xampps\\htdocs\\dynamic_pricing\\models\\User.php(19): PDO->prepare('SELECT * FROM u...')\n#1 C:\\xampps\\htdocs\\dynamic_pricing\\controllers\\AuthController.php(137): User->verifyLogin('teay', 'LongJump@25')\n#2 C:\\xampps\\htdocs\\dynamic_pricing\\core\\Router.php(171): AuthController->login()\n#3 C:\\xampps\\htdocs\\dynamic_pricing\\core\\Router.php(84): Router->callHandler('AuthController@...', Array)\n#4 C:\\xampps\\htdocs\\dynamic_pricing\\public\\index.php(61): Router->dispatch('/auth/login', 'POST')\n#5 {main}, referer: http://localhost/login
[Sun Oct 12 16:07:59.841166 2025] [php:notice] [pid 15008:tid 1948] [client ::1:51627] Raw Request URI: /login.php, referer: http://localhost/
[Sun Oct 12 16:07:59.841166 2025] [php:notice] [pid 15008:tid 1948] [client ::1:51627] SCRIPT_NAME: /index.php, referer: http://localhost/
[Sun Oct 12 16:07:59.841166 2025] [php:notice] [pid 15008:tid 1948] [client ::1:51627] PHP_SELF: /index.php, referer: http://localhost/
[Sun Oct 12 16:07:59.841166 2025] [php:notice] [pid 15008:tid 1948] [client ::1:51627] DOCUMENT_ROOT: C:/xampps/htdocs/dynamic_pricing/public, referer: http://localhost/
[Sun Oct 12 16:07:59.841166 2025] [php:notice] [pid 15008:tid 1948] [client ::1:51627] Processed Request URI: /login.php, referer: http://localhost/
[Sun Oct 12 16:07:59.841166 2025] [php:notice] [pid 15008:tid 1948] [client ::1:51627] Request Method: GET, referer: http://localhost/
[Sun Oct 12 16:07:59.841166 2025] [php:notice] [pid 15008:tid 1948] [client ::1:51627] Base Path: , referer: http://localhost/
[Sun Oct 12 16:07:59.841166 2025] [php:notice] [pid 15008:tid 1948] [client ::1:51627] Router: Original URI: /login.php, referer: http://localhost/
[Sun Oct 12 16:07:59.841166 2025] [php:notice] [pid 15008:tid 1948] [client ::1:51627] Router: Normalized path: /login, referer: http://localhost/
[Sun Oct 12 16:07:59.841166 2025] [php:notice] [pid 15008:tid 1948] [client ::1:51627] Router: Dispatching GET /login, referer: http://localhost/
[Sun Oct 12 16:07:59.841166 2025] [php:notice] [pid 15008:tid 1948] [client ::1:51627] Router: Available routes for GET: /, /login, /auth/logout, /register, /forgot-password, /buyer/shop, /buyer/product/{id}, /buyer/cart, /buyer/checkout, /buyer/orders, /seller/dashboard, /seller/products, /seller/product/create, /seller/product/edit/{id}, /seller/inventory, /seller/pricing, /seller/orders, /seller/analytics, referer: http://localhost/
[Sun Oct 12 16:07:59.841166 2025] [php:notice] [pid 15008:tid 1948] [client ::1:51627] Router: Attempting to match '/login' against route '/', referer: http://localhost/
[Sun Oct 12 16:07:59.841166 2025] [php:notice] [pid 15008:tid 1948] [client ::1:51627] Router: Trying to match path: /login against pattern: /^\\/$/i, referer: http://localhost/
[Sun Oct 12 16:07:59.841166 2025] [php:notice] [pid 15008:tid 1948] [client ::1:51627] Router: Route pattern did not match, referer: http://localhost/
[Sun Oct 12 16:07:59.841166 2025] [php:notice] [pid 15008:tid 1948] [client ::1:51627] Router: Attempting to match '/login' against route '/login', referer: http://localhost/
[Sun Oct 12 16:07:59.841166 2025] [php:notice] [pid 15008:tid 1948] [client ::1:51627] Router: Trying to match path: /login against pattern: /^\\/login$/i, referer: http://localhost/
[Sun Oct 12 16:07:59.841166 2025] [php:notice] [pid 15008:tid 1948] [client ::1:51627] Router: Route matched with parameters: [], referer: http://localhost/
[Sun Oct 12 16:07:59.841166 2025] [php:notice] [pid 15008:tid 1948] [client ::1:51627] Router: Match found! Calling handler AuthController@showLogin, referer: http://localhost/
[Sun Oct 12 16:07:59.841166 2025] [php:notice] [pid 15008:tid 1948] [client ::1:51627] Router: Looking for controller file: C:\\xampps\\htdocs\\dynamic_pricing\\core/../controllers/AuthController.php, referer: http://localhost/
[Sun Oct 12 16:08:51.425533 2025] [php:notice] [pid 15008:tid 1948] [client ::1:51627] Connection error: SQLSTATE[HY000] [2006] MySQL server has gone away, referer: http://localhost/
[Sun Oct 12 16:08:51.425533 2025] [php:notice] [pid 15008:tid 1948] [client ::1:51627] Router Error: Database connection failed, referer: http://localhost/
[Sun Oct 12 16:08:51.426529 2025] [php:notice] [pid 15008:tid 1948] [client ::1:51627] Stack trace: #0 C:\\xampps\\htdocs\\dynamic_pricing\\core\\Model.php(13): Database->getConnection()\n#1 C:\\xampps\\htdocs\\dynamic_pricing\\controllers\\AuthController.php(15): Model->__construct()\n#2 C:\\xampps\\htdocs\\dynamic_pricing\\core\\Router.php(148): AuthController->__construct()\n#3 C:\\xampps\\htdocs\\dynamic_pricing\\core\\Router.php(84): Router->callHandler('AuthController@...', Array)\n#4 C:\\xampps\\htdocs\\dynamic_pricing\\public\\index.php(61): Router->dispatch('/login.php', 'GET')\n#5 {main}, referer: http://localhost/
[Sun Oct 12 16:08:51.427526 2025] [php:notice] [pid 15008:tid 1940] [client ::1:54546] Raw Request URI: /public/register
[Sun Oct 12 16:08:51.427526 2025] [php:notice] [pid 15008:tid 1940] [client ::1:54546] SCRIPT_NAME: /index.php
[Sun Oct 12 16:08:51.427526 2025] [php:notice] [pid 15008:tid 1940] [client ::1:54546] PHP_SELF: /index.php
[Sun Oct 12 16:08:51.428524 2025] [php:notice] [pid 15008:tid 1940] [client ::1:54546] DOCUMENT_ROOT: C:/xampps/htdocs/dynamic_pricing/public
[Sun Oct 12 16:08:51.429523 2025] [php:notice] [pid 15008:tid 1940] [client ::1:54546] Processed Request URI: /public/register
[Sun Oct 12 16:08:51.429523 2025] [php:notice] [pid 15008:tid 1940] [client ::1:54546] Request Method: GET
[Sun Oct 12 16:08:51.429523 2025] [php:notice] [pid 15008:tid 1940] [client ::1:54546] Base Path: 
[Sun Oct 12 16:08:51.430527 2025] [php:notice] [pid 15008:tid 1940] [client ::1:54546] Router: Original URI: /public/register
[Sun Oct 12 16:08:51.431536 2025] [php:notice] [pid 15008:tid 1940] [client ::1:54546] Router: Normalized path: /public/register
[Sun Oct 12 16:08:51.431536 2025] [php:notice] [pid 15008:tid 1940] [client ::1:54546] Router: Dispatching GET /public/register
[Sun Oct 12 16:08:51.431536 2025] [php:notice] [pid 15008:tid 1940] [client ::1:54546] Router: Available routes for GET: /, /login, /auth/logout, /register, /forgot-password, /buyer/shop, /buyer/product/{id}, /buyer/cart, /buyer/checkout, /buyer/orders, /seller/dashboard, /seller/products, /seller/product/create, /seller/product/edit/{id}, /seller/inventory, /seller/pricing, /seller/orders, /seller/analytics
[Sun Oct 12 16:08:51.432534 2025] [php:notice] [pid 15008:tid 1940] [client ::1:54546] Router: Attempting to match '/public/register' against route '/'
[Sun Oct 12 16:08:51.439624 2025] [php:notice] [pid 15008:tid 1940] [client ::1:54546] Router: Trying to match path: /public/register against pattern: /^\\/$/i
[Sun Oct 12 16:08:51.439624 2025] [php:notice] [pid 15008:tid 1940] [client ::1:54546] Router: Route pattern did not match
[Sun Oct 12 16:08:51.440623 2025] [php:notice] [pid 15008:tid 1940] [client ::1:54546] Router: Attempting to match '/public/register' against route '/login'
[Sun Oct 12 16:08:51.440623 2025] [php:notice] [pid 15008:tid 1940] [client ::1:54546] Router: Trying to match path: /public/register against pattern: /^\\/login$/i
[Sun Oct 12 16:08:51.441618 2025] [php:notice] [pid 15008:tid 1940] [client ::1:54546] Router: Route pattern did not match
[Sun Oct 12 16:08:51.441618 2025] [php:notice] [pid 15008:tid 1940] [client ::1:54546] Router: Attempting to match '/public/register' against route '/auth/logout'
[Sun Oct 12 16:08:51.441618 2025] [php:notice] [pid 15008:tid 1940] [client ::1:54546] Router: Trying to match path: /public/register against pattern: /^\\/auth\\/logout$/i
[Sun Oct 12 16:08:51.441618 2025] [php:notice] [pid 15008:tid 1940] [client ::1:54546] Router: Route pattern did not match
[Sun Oct 12 16:08:51.442615 2025] [php:notice] [pid 15008:tid 1940] [client ::1:54546] Router: Attempting to match '/public/register' against route '/register'
[Sun Oct 12 16:08:51.442615 2025] [php:notice] [pid 15008:tid 1940] [client ::1:54546] Router: Trying to match path: /public/register against pattern: /^\\/register$/i
[Sun Oct 12 16:08:51.443612 2025] [php:notice] [pid 15008:tid 1940] [client ::1:54546] Router: Route pattern did not match
[Sun Oct 12 16:08:51.443612 2025] [php:notice] [pid 15008:tid 1940] [client ::1:54546] Router: Attempting to match '/public/register' against route '/forgot-password'
[Sun Oct 12 16:08:51.443612 2025] [php:notice] [pid 15008:tid 1940] [client ::1:54546] Router: Trying to match path: /public/register against pattern: /^\\/forgot-password$/i
[Sun Oct 12 16:08:51.444610 2025] [php:notice] [pid 15008:tid 1940] [client ::1:54546] Router: Route pattern did not match
[Sun Oct 12 16:08:51.444610 2025] [php:notice] [pid 15008:tid 1940] [client ::1:54546] Router: Attempting to match '/public/register' against route '/buyer/shop'
[Sun Oct 12 16:08:51.444610 2025] [php:notice] [pid 15008:tid 1940] [client ::1:54546] Router: Trying to match path: /public/register against pattern: /^\\/buyer\\/shop$/i
[Sun Oct 12 16:08:51.444610 2025] [php:notice] [pid 15008:tid 1940] [client ::1:54546] Router: Route pattern did not match
[Sun Oct 12 16:08:51.445608 2025] [php:notice] [pid 15008:tid 1940] [client ::1:54546] Router: Attempting to match '/public/register' against route '/buyer/product/{id}'
[Sun Oct 12 16:08:51.445608 2025] [php:notice] [pid 15008:tid 1940] [client ::1:54546] Router: Trying to match path: /public/register against pattern: /^\\/buyer\\/product\\/(?P<id>[^\\/]+)$/i
[Sun Oct 12 16:08:51.446115 2025] [php:notice] [pid 15008:tid 1940] [client ::1:54546] Router: Route pattern did not match
[Sun Oct 12 16:08:51.446115 2025] [php:notice] [pid 15008:tid 1940] [client ::1:54546] Router: Attempting to match '/public/register' against route '/buyer/cart'
[Sun Oct 12 16:08:51.447118 2025] [php:notice] [pid 15008:tid 1940] [client ::1:54546] Router: Trying to match path: /public/register against pattern: /^\\/buyer\\/cart$/i
[Sun Oct 12 16:08:51.447118 2025] [php:notice] [pid 15008:tid 1940] [client ::1:54546] Router: Route pattern did not match
[Sun Oct 12 16:08:51.447118 2025] [php:notice] [pid 15008:tid 1940] [client ::1:54546] Router: Attempting to match '/public/register' against route '/buyer/checkout'
[Sun Oct 12 16:08:51.447118 2025] [php:notice] [pid 15008:tid 1940] [client ::1:54546] Router: Trying to match path: /public/register against pattern: /^\\/buyer\\/checkout$/i
[Sun Oct 12 16:08:51.448117 2025] [php:notice] [pid 15008:tid 1940] [client ::1:54546] Router: Route pattern did not match
[Sun Oct 12 16:08:51.449113 2025] [php:notice] [pid 15008:tid 1940] [client ::1:54546] Router: Attempting to match '/public/register' against route '/buyer/orders'
[Sun Oct 12 16:08:51.449113 2025] [php:notice] [pid 15008:tid 1940] [client ::1:54546] Router: Trying to match path: /public/register against pattern: /^\\/buyer\\/orders$/i
[Sun Oct 12 16:08:51.449113 2025] [php:notice] [pid 15008:tid 1940] [client ::1:54546] Router: Route pattern did not match
[Sun Oct 12 16:08:51.450228 2025] [php:notice] [pid 15008:tid 1940] [client ::1:54546] Router: Attempting to match '/public/register' against route '/seller/dashboard'
[Sun Oct 12 16:08:51.450228 2025] [php:notice] [pid 15008:tid 1940] [client ::1:54546] Router: Trying to match path: /public/register against pattern: /^\\/seller\\/dashboard$/i
[Sun Oct 12 16:08:51.450228 2025] [php:notice] [pid 15008:tid 1940] [client ::1:54546] Router: Route pattern did not match
[Sun Oct 12 16:08:51.450228 2025] [php:notice] [pid 15008:tid 1940] [client ::1:54546] Router: Attempting to match '/public/register' against route '/seller/products'
[Sun Oct 12 16:08:51.450228 2025] [php:notice] [pid 15008:tid 1940] [client ::1:54546] Router: Trying to match path: /public/register against pattern: /^\\/seller\\/products$/i
[Sun Oct 12 16:08:51.450228 2025] [php:notice] [pid 15008:tid 1940] [client ::1:54546] Router: Route pattern did not match
[Sun Oct 12 16:08:51.450228 2025] [php:notice] [pid 15008:tid 1940] [client ::1:54546] Router: Attempting to match '/public/register' against route '/seller/product/create'
[Sun Oct 12 16:08:51.450228 2025] [php:notice] [pid 15008:tid 1940] [client ::1:54546] Router: Trying to match path: /public/register against pattern: /^\\/seller\\/product\\/create$/i
[Sun Oct 12 16:08:51.450228 2025] [php:notice] [pid 15008:tid 1940] [client ::1:54546] Router: Route pattern did not match
[Sun Oct 12 16:08:51.450228 2025] [php:notice] [pid 15008:tid 1940] [client ::1:54546] Router: Attempting to match '/public/register' against route '/seller/product/edit/{id}'
[Sun Oct 12 16:08:51.450228 2025] [php:notice] [pid 15008:tid 1940] [client ::1:54546] Router: Trying to match path: /public/register against pattern: /^\\/seller\\/product\\/edit\\/(?P<id>[^\\/]+)$/i
[Sun Oct 12 16:08:51.450228 2025] [php:notice] [pid 15008:tid 1940] [client ::1:54546] Router: Route pattern did not match
[Sun Oct 12 16:08:51.450228 2025] [php:notice] [pid 15008:tid 1940] [client ::1:54546] Router: Attempting to match '/public/register' against route '/seller/inventory'
[Sun Oct 12 16:08:51.450228 2025] [php:notice] [pid 15008:tid 1940] [client ::1:54546] Router: Trying to match path: /public/register against pattern: /^\\/seller\\/inventory$/i
[Sun Oct 12 16:08:51.450228 2025] [php:notice] [pid 15008:tid 1940] [client ::1:54546] Router: Route pattern did not match
[Sun Oct 12 16:08:51.450228 2025] [php:notice] [pid 15008:tid 1940] [client ::1:54546] Router: Attempting to match '/public/register' against route '/seller/pricing'
[Sun Oct 12 16:08:51.450228 2025] [php:notice] [pid 15008:tid 1940] [client ::1:54546] Router: Trying to match path: /public/register against pattern: /^\\/seller\\/pricing$/i
[Sun Oct 12 16:08:51.450228 2025] [php:notice] [pid 15008:tid 1940] [client ::1:54546] Router: Route pattern did not match
[Sun Oct 12 16:08:51.450228 2025] [php:notice] [pid 15008:tid 1940] [client ::1:54546] Router: Attempting to match '/public/register' against route '/seller/orders'
[Sun Oct 12 16:08:51.450228 2025] [php:notice] [pid 15008:tid 1940] [client ::1:54546] Router: Trying to match path: /public/register against pattern: /^\\/seller\\/orders$/i
[Sun Oct 12 16:08:51.450228 2025] [php:notice] [pid 15008:tid 1940] [client ::1:54546] Router: Route pattern did not match
[Sun Oct 12 16:08:51.450228 2025] [php:notice] [pid 15008:tid 1940] [client ::1:54546] Router: Attempting to match '/public/register' against route '/seller/analytics'
[Sun Oct 12 16:08:51.450228 2025] [php:notice] [pid 15008:tid 1940] [client ::1:54546] Router: Trying to match path: /public/register against pattern: /^\\/seller\\/analytics$/i
[Sun Oct 12 16:08:51.450228 2025] [php:notice] [pid 15008:tid 1940] [client ::1:54546] Router: Route pattern did not match
[Sun Oct 12 16:08:51.450228 2025] [php:notice] [pid 15008:tid 1940] [client ::1:54546] Router: No matching route found for GET /public/register
[Sun Oct 12 16:08:51.450228 2025] [php:notice] [pid 15008:tid 1940] [client ::1:54546] Router: Returning 404 Not Found response
[Sun Oct 12 16:08:51.450228 2025] [php:notice] [pid 15008:tid 1940] [client ::1:54546] Router: Request was GET /public/register
